{"timestamp":"2025-07-03T16:34:59.156896","level":"info","event":"DAG bundles loaded: dags-folder","logger":"airflow.dag_processing.bundles.manager.DagBundlesManager"}
{"timestamp":"2025-07-03T16:34:59.157165","level":"info","event":"Filling up the DagBag from /opt/airflow/dags/sec_filings_indexer.py","logger":"airflow.models.dagbag.DagBag"}
{"timestamp":"2025-07-03T16:35:01.679962Z","level":"info","event":"[process_and_index] Starting indexing of 1 filings...","chan":"stdout","logger":"task"}
{"timestamp":"2025-07-03T16:35:01.872758Z","level":"info","event":"[process_and_index] Doc 1/1: processing https://www.sec.gov/Archives/edgar/data/320193/000032019324000123/aapl-20240928.htm","chan":"stdout","logger":"task"}
{"timestamp":"2025-07-03T16:35:02.668621Z","level":"info","event":"[process_and_index] 4618 chunks generated for document 1","chan":"stdout","logger":"task"}
{"timestamp":"2025-07-03T16:35:02.669185","level":"info","event":"Use pytorch device_name: cpu","logger":"sentence_transformers.SentenceTransformer"}
{"timestamp":"2025-07-03T16:35:02.669264","level":"info","event":"Load pretrained SentenceTransformer: all-MiniLM-L6-v2","logger":"sentence_transformers.SentenceTransformer"}
{"timestamp":"2025-07-03T16:35:12.737387","level":"info","event":"Anonymized telemetry enabled. See                     https://docs.trychroma.com/telemetry for more information.","logger":"chromadb.telemetry.product.posthog"}
{"timestamp":"2025-07-03T16:35:12.779317","level":"error","event":"Failed to send telemetry event ClientStartEvent: capture() takes 1 positional argument but 3 were given","logger":"chromadb.telemetry.product.posthog"}
{"timestamp":"2025-07-03T16:35:12.779438","level":"error","event":"Failed to send telemetry event ClientCreateCollectionEvent: capture() takes 1 positional argument but 3 were given","logger":"chromadb.telemetry.product.posthog"}
{"timestamp":"2025-07-03T16:35:12.783300","level":"error","event":"Failed to send telemetry event CollectionAddEvent: capture() takes 1 positional argument but 3 were given","logger":"chromadb.telemetry.product.posthog"}
{"timestamp":"2025-07-03T16:35:12.815310Z","level":"info","event":"[process_and_index] Upserted batch 1 (32 vectors)","chan":"stdout","logger":"task"}
{"timestamp":"2025-07-03T16:35:13.590296Z","level":"info","event":"[process_and_index] Upserted batch 2 (32 vectors)","chan":"stdout","logger":"task"}
{"timestamp":"2025-07-03T16:35:14.235257Z","level":"info","event":"[process_and_index] Upserted batch 3 (32 vectors)","chan":"stdout","logger":"task"}
{"timestamp":"2025-07-03T16:35:14.868292Z","level":"info","event":"[process_and_index] Upserted batch 4 (32 vectors)","chan":"stdout","logger":"task"}
{"timestamp":"2025-07-03T16:35:15.511799Z","level":"info","event":"[process_and_index] Upserted batch 5 (32 vectors)","chan":"stdout","logger":"task"}
{"timestamp":"2025-07-03T16:35:16.217363Z","level":"info","event":"[process_and_index] Upserted batch 6 (32 vectors)","chan":"stdout","logger":"task"}
{"timestamp":"2025-07-03T16:35:16.918710Z","level":"info","event":"[process_and_index] Upserted batch 7 (32 vectors)","chan":"stdout","logger":"task"}
{"timestamp":"2025-07-03T16:35:17.665340Z","level":"info","event":"[process_and_index] Upserted batch 8 (32 vectors)","chan":"stdout","logger":"task"}
{"timestamp":"2025-07-03T16:35:18.341510Z","level":"info","event":"[process_and_index] Upserted batch 9 (32 vectors)","chan":"stdout","logger":"task"}
{"timestamp":"2025-07-03T16:35:19.084596Z","level":"info","event":"[process_and_index] Upserted batch 10 (32 vectors)","chan":"stdout","logger":"task"}
{"timestamp":"2025-07-03T16:35:19.750241Z","level":"info","event":"[process_and_index] Upserted batch 11 (32 vectors)","chan":"stdout","logger":"task"}
{"timestamp":"2025-07-03T16:35:20.373521Z","level":"info","event":"[process_and_index] Upserted batch 12 (32 vectors)","chan":"stdout","logger":"task"}
{"timestamp":"2025-07-03T16:35:20.990822Z","level":"info","event":"[process_and_index] Upserted batch 13 (32 vectors)","chan":"stdout","logger":"task"}
{"timestamp":"2025-07-03T16:35:21.714318Z","level":"info","event":"[process_and_index] Upserted batch 14 (32 vectors)","chan":"stdout","logger":"task"}
{"timestamp":"2025-07-03T16:35:22.382154Z","level":"info","event":"[process_and_index] Upserted batch 15 (32 vectors)","chan":"stdout","logger":"task"}
{"timestamp":"2025-07-03T16:35:23.083496Z","level":"info","event":"[process_and_index] Upserted batch 16 (32 vectors)","chan":"stdout","logger":"task"}
{"timestamp":"2025-07-03T16:35:23.760024Z","level":"info","event":"[process_and_index] Upserted batch 17 (32 vectors)","chan":"stdout","logger":"task"}
{"timestamp":"2025-07-03T16:35:24.435647Z","level":"info","event":"[process_and_index] Upserted batch 18 (32 vectors)","chan":"stdout","logger":"task"}
{"timestamp":"2025-07-03T16:35:25.110092Z","level":"info","event":"[process_and_index] Upserted batch 19 (32 vectors)","chan":"stdout","logger":"task"}
{"timestamp":"2025-07-03T16:35:25.816479Z","level":"info","event":"[process_and_index] Upserted batch 20 (32 vectors)","chan":"stdout","logger":"task"}
{"timestamp":"2025-07-03T16:35:26.500115Z","level":"info","event":"[process_and_index] Upserted batch 21 (32 vectors)","chan":"stdout","logger":"task"}
{"timestamp":"2025-07-03T16:35:27.186079Z","level":"info","event":"[process_and_index] Upserted batch 22 (32 vectors)","chan":"stdout","logger":"task"}
{"timestamp":"2025-07-03T16:35:27.873646Z","level":"info","event":"[process_and_index] Upserted batch 23 (32 vectors)","chan":"stdout","logger":"task"}
{"timestamp":"2025-07-03T16:35:28.582553Z","level":"info","event":"[process_and_index] Upserted batch 24 (32 vectors)","chan":"stdout","logger":"task"}
{"timestamp":"2025-07-03T16:35:29.285814Z","level":"info","event":"[process_and_index] Upserted batch 25 (32 vectors)","chan":"stdout","logger":"task"}
{"timestamp":"2025-07-03T16:35:30.028939Z","level":"info","event":"[process_and_index] Upserted batch 26 (32 vectors)","chan":"stdout","logger":"task"}
{"timestamp":"2025-07-03T16:35:30.773546Z","level":"info","event":"[process_and_index] Upserted batch 27 (32 vectors)","chan":"stdout","logger":"task"}
{"timestamp":"2025-07-03T16:35:31.520339Z","level":"info","event":"[process_and_index] Upserted batch 28 (32 vectors)","chan":"stdout","logger":"task"}
{"timestamp":"2025-07-03T16:35:32.236892Z","level":"info","event":"[process_and_index] Upserted batch 29 (32 vectors)","chan":"stdout","logger":"task"}
{"timestamp":"2025-07-03T16:35:33.029903Z","level":"info","event":"[process_and_index] Upserted batch 30 (32 vectors)","chan":"stdout","logger":"task"}
{"timestamp":"2025-07-03T16:35:33.807058Z","level":"info","event":"[process_and_index] Upserted batch 31 (32 vectors)","chan":"stdout","logger":"task"}
{"timestamp":"2025-07-03T16:35:34.601212Z","level":"info","event":"[process_and_index] Upserted batch 32 (32 vectors)","chan":"stdout","logger":"task"}
{"timestamp":"2025-07-03T16:35:35.361710Z","level":"info","event":"[process_and_index] Upserted batch 33 (32 vectors)","chan":"stdout","logger":"task"}
{"timestamp":"2025-07-03T16:35:36.173096Z","level":"info","event":"[process_and_index] Upserted batch 34 (32 vectors)","chan":"stdout","logger":"task"}
{"timestamp":"2025-07-03T16:35:37.038156Z","level":"info","event":"[process_and_index] Upserted batch 35 (32 vectors)","chan":"stdout","logger":"task"}
{"timestamp":"2025-07-03T16:35:38.033336Z","level":"info","event":"[process_and_index] Upserted batch 36 (32 vectors)","chan":"stdout","logger":"task"}
{"timestamp":"2025-07-03T16:35:39.088271Z","level":"info","event":"[process_and_index] Upserted batch 37 (32 vectors)","chan":"stdout","logger":"task"}
{"timestamp":"2025-07-03T16:35:40.194917Z","level":"info","event":"[process_and_index] Upserted batch 38 (32 vectors)","chan":"stdout","logger":"task"}
{"timestamp":"2025-07-03T16:35:41.380320Z","level":"info","event":"[process_and_index] Upserted batch 39 (32 vectors)","chan":"stdout","logger":"task"}
{"timestamp":"2025-07-03T16:35:42.803759Z","level":"info","event":"[process_and_index] Upserted batch 40 (32 vectors)","chan":"stdout","logger":"task"}
{"timestamp":"2025-07-03T16:35:44.217432Z","level":"info","event":"[process_and_index] Upserted batch 41 (32 vectors)","chan":"stdout","logger":"task"}
{"timestamp":"2025-07-03T16:35:45.846588Z","level":"info","event":"[process_and_index] Upserted batch 42 (32 vectors)","chan":"stdout","logger":"task"}
{"timestamp":"2025-07-03T16:35:47.189392Z","level":"info","event":"[process_and_index] Upserted batch 43 (32 vectors)","chan":"stdout","logger":"task"}
{"timestamp":"2025-07-03T16:35:48.844585Z","level":"info","event":"[process_and_index] Upserted batch 44 (32 vectors)","chan":"stdout","logger":"task"}
{"timestamp":"2025-07-03T16:35:50.485578Z","level":"info","event":"[process_and_index] Upserted batch 45 (32 vectors)","chan":"stdout","logger":"task"}
{"timestamp":"2025-07-03T16:35:52.104552Z","level":"info","event":"[process_and_index] Upserted batch 46 (32 vectors)","chan":"stdout","logger":"task"}
{"timestamp":"2025-07-03T16:35:53.625362Z","level":"info","event":"[process_and_index] Upserted batch 47 (32 vectors)","chan":"stdout","logger":"task"}
{"timestamp":"2025-07-03T16:35:55.197347Z","level":"info","event":"[process_and_index] Upserted batch 48 (32 vectors)","chan":"stdout","logger":"task"}
{"timestamp":"2025-07-03T16:35:56.728875Z","level":"info","event":"[process_and_index] Upserted batch 49 (32 vectors)","chan":"stdout","logger":"task"}
{"timestamp":"2025-07-03T16:35:58.338519Z","level":"info","event":"[process_and_index] Upserted batch 50 (32 vectors)","chan":"stdout","logger":"task"}
{"timestamp":"2025-07-03T16:35:59.798920Z","level":"info","event":"[process_and_index] Upserted batch 51 (32 vectors)","chan":"stdout","logger":"task"}
{"timestamp":"2025-07-03T16:36:01.404688Z","level":"info","event":"[process_and_index] Upserted batch 52 (32 vectors)","chan":"stdout","logger":"task"}
{"timestamp":"2025-07-03T16:36:02.986179Z","level":"info","event":"[process_and_index] Upserted batch 53 (32 vectors)","chan":"stdout","logger":"task"}
{"timestamp":"2025-07-03T16:36:04.618948Z","level":"info","event":"[process_and_index] Upserted batch 54 (32 vectors)","chan":"stdout","logger":"task"}
{"timestamp":"2025-07-03T16:36:06.369495Z","level":"info","event":"[process_and_index] Upserted batch 55 (32 vectors)","chan":"stdout","logger":"task"}
{"timestamp":"2025-07-03T16:36:08.135042Z","level":"info","event":"[process_and_index] Upserted batch 56 (32 vectors)","chan":"stdout","logger":"task"}
{"timestamp":"2025-07-03T16:36:09.915473Z","level":"info","event":"[process_and_index] Upserted batch 57 (32 vectors)","chan":"stdout","logger":"task"}
{"timestamp":"2025-07-03T16:36:11.704744Z","level":"info","event":"[process_and_index] Upserted batch 58 (32 vectors)","chan":"stdout","logger":"task"}
{"timestamp":"2025-07-03T16:36:13.636345Z","level":"info","event":"[process_and_index] Upserted batch 59 (32 vectors)","chan":"stdout","logger":"task"}
{"timestamp":"2025-07-03T16:36:15.504530Z","level":"info","event":"[process_and_index] Upserted batch 60 (32 vectors)","chan":"stdout","logger":"task"}
{"timestamp":"2025-07-03T16:36:17.815627Z","level":"info","event":"[process_and_index] Upserted batch 61 (32 vectors)","chan":"stdout","logger":"task"}
{"timestamp":"2025-07-03T16:36:20.355226Z","level":"info","event":"[process_and_index] Upserted batch 62 (32 vectors)","chan":"stdout","logger":"task"}
{"timestamp":"2025-07-03T16:36:22.617250Z","level":"info","event":"[process_and_index] Upserted batch 63 (32 vectors)","chan":"stdout","logger":"task"}
{"timestamp":"2025-07-03T16:36:24.807121Z","level":"info","event":"[process_and_index] Upserted batch 64 (32 vectors)","chan":"stdout","logger":"task"}
{"timestamp":"2025-07-03T16:36:26.389309Z","level":"info","event":"[process_and_index] Upserted batch 65 (32 vectors)","chan":"stdout","logger":"task"}
{"timestamp":"2025-07-03T16:36:28.018934Z","level":"info","event":"[process_and_index] Upserted batch 66 (32 vectors)","chan":"stdout","logger":"task"}
{"timestamp":"2025-07-03T16:36:29.619018Z","level":"info","event":"[process_and_index] Upserted batch 67 (32 vectors)","chan":"stdout","logger":"task"}
{"timestamp":"2025-07-03T16:36:31.256555Z","level":"info","event":"[process_and_index] Upserted batch 68 (32 vectors)","chan":"stdout","logger":"task"}
{"timestamp":"2025-07-03T16:36:32.960868Z","level":"info","event":"[process_and_index] Upserted batch 69 (32 vectors)","chan":"stdout","logger":"task"}
{"timestamp":"2025-07-03T16:36:34.573076Z","level":"info","event":"[process_and_index] Upserted batch 70 (32 vectors)","chan":"stdout","logger":"task"}
{"timestamp":"2025-07-03T16:36:36.016270Z","level":"info","event":"[process_and_index] Upserted batch 71 (32 vectors)","chan":"stdout","logger":"task"}
{"timestamp":"2025-07-03T16:36:37.558384Z","level":"info","event":"[process_and_index] Upserted batch 72 (32 vectors)","chan":"stdout","logger":"task"}
{"timestamp":"2025-07-03T16:36:39.001635Z","level":"info","event":"[process_and_index] Upserted batch 73 (32 vectors)","chan":"stdout","logger":"task"}
{"timestamp":"2025-07-03T16:36:40.526237Z","level":"info","event":"[process_and_index] Upserted batch 74 (32 vectors)","chan":"stdout","logger":"task"}
{"timestamp":"2025-07-03T16:36:42.022788Z","level":"info","event":"[process_and_index] Upserted batch 75 (32 vectors)","chan":"stdout","logger":"task"}
{"timestamp":"2025-07-03T16:36:43.685796Z","level":"info","event":"[process_and_index] Upserted batch 76 (32 vectors)","chan":"stdout","logger":"task"}
{"timestamp":"2025-07-03T16:36:45.416750Z","level":"info","event":"[process_and_index] Upserted batch 77 (32 vectors)","chan":"stdout","logger":"task"}
{"timestamp":"2025-07-03T16:36:47.144067Z","level":"info","event":"[process_and_index] Upserted batch 78 (32 vectors)","chan":"stdout","logger":"task"}
{"timestamp":"2025-07-03T16:36:48.748629Z","level":"info","event":"[process_and_index] Upserted batch 79 (32 vectors)","chan":"stdout","logger":"task"}
{"timestamp":"2025-07-03T16:36:50.639376Z","level":"info","event":"[process_and_index] Upserted batch 80 (32 vectors)","chan":"stdout","logger":"task"}
{"timestamp":"2025-07-03T16:36:52.596927Z","level":"info","event":"[process_and_index] Upserted batch 81 (32 vectors)","chan":"stdout","logger":"task"}
{"timestamp":"2025-07-03T16:36:54.394333Z","level":"info","event":"[process_and_index] Upserted batch 82 (32 vectors)","chan":"stdout","logger":"task"}
{"timestamp":"2025-07-03T16:36:56.121525Z","level":"info","event":"[process_and_index] Upserted batch 83 (32 vectors)","chan":"stdout","logger":"task"}
{"timestamp":"2025-07-03T16:36:58.133823Z","level":"info","event":"[process_and_index] Upserted batch 84 (32 vectors)","chan":"stdout","logger":"task"}
{"timestamp":"2025-07-03T16:37:00.289571Z","level":"info","event":"[process_and_index] Upserted batch 85 (32 vectors)","chan":"stdout","logger":"task"}
{"timestamp":"2025-07-03T16:37:02.469019Z","level":"info","event":"[process_and_index] Upserted batch 86 (32 vectors)","chan":"stdout","logger":"task"}
{"timestamp":"2025-07-03T16:37:04.673258Z","level":"info","event":"[process_and_index] Upserted batch 87 (32 vectors)","chan":"stdout","logger":"task"}
{"timestamp":"2025-07-03T16:37:06.890534Z","level":"info","event":"[process_and_index] Upserted batch 88 (32 vectors)","chan":"stdout","logger":"task"}
{"timestamp":"2025-07-03T16:37:09.178657Z","level":"info","event":"[process_and_index] Upserted batch 89 (32 vectors)","chan":"stdout","logger":"task"}
{"timestamp":"2025-07-03T16:37:11.499198Z","level":"info","event":"[process_and_index] Upserted batch 90 (32 vectors)","chan":"stdout","logger":"task"}
{"timestamp":"2025-07-03T16:37:13.788414Z","level":"info","event":"[process_and_index] Upserted batch 91 (32 vectors)","chan":"stdout","logger":"task"}
{"timestamp":"2025-07-03T16:37:15.905416Z","level":"info","event":"[process_and_index] Upserted batch 92 (32 vectors)","chan":"stdout","logger":"task"}
{"timestamp":"2025-07-03T16:37:18.129235Z","level":"info","event":"[process_and_index] Upserted batch 93 (32 vectors)","chan":"stdout","logger":"task"}
{"timestamp":"2025-07-03T16:37:20.422163Z","level":"info","event":"[process_and_index] Upserted batch 94 (32 vectors)","chan":"stdout","logger":"task"}
{"timestamp":"2025-07-03T16:37:22.850312Z","level":"info","event":"[process_and_index] Upserted batch 95 (32 vectors)","chan":"stdout","logger":"task"}
{"timestamp":"2025-07-03T16:37:25.329197Z","level":"info","event":"[process_and_index] Upserted batch 96 (32 vectors)","chan":"stdout","logger":"task"}
{"timestamp":"2025-07-03T16:37:26.701241Z","level":"info","event":"[process_and_index] Upserted batch 97 (32 vectors)","chan":"stdout","logger":"task"}
{"timestamp":"2025-07-03T16:37:28.251442Z","level":"info","event":"[process_and_index] Upserted batch 98 (32 vectors)","chan":"stdout","logger":"task"}
{"timestamp":"2025-07-03T16:37:29.734103Z","level":"info","event":"[process_and_index] Upserted batch 99 (32 vectors)","chan":"stdout","logger":"task"}
{"timestamp":"2025-07-03T16:37:31.474104Z","level":"info","event":"[process_and_index] Upserted batch 100 (32 vectors)","chan":"stdout","logger":"task"}
{"timestamp":"2025-07-03T16:37:33.502164Z","level":"info","event":"[process_and_index] Upserted batch 101 (32 vectors)","chan":"stdout","logger":"task"}
{"timestamp":"2025-07-03T16:37:35.252131Z","level":"info","event":"[process_and_index] Upserted batch 102 (32 vectors)","chan":"stdout","logger":"task"}
{"timestamp":"2025-07-03T16:37:37.007657Z","level":"info","event":"[process_and_index] Upserted batch 103 (32 vectors)","chan":"stdout","logger":"task"}
{"timestamp":"2025-07-03T16:37:38.993893Z","level":"info","event":"[process_and_index] Upserted batch 104 (32 vectors)","chan":"stdout","logger":"task"}
{"timestamp":"2025-07-03T16:37:40.627050Z","level":"info","event":"[process_and_index] Upserted batch 105 (32 vectors)","chan":"stdout","logger":"task"}
{"timestamp":"2025-07-03T16:37:42.427447Z","level":"info","event":"[process_and_index] Upserted batch 106 (32 vectors)","chan":"stdout","logger":"task"}
{"timestamp":"2025-07-03T16:37:44.097351Z","level":"info","event":"[process_and_index] Upserted batch 107 (32 vectors)","chan":"stdout","logger":"task"}
{"timestamp":"2025-07-03T16:37:45.893550Z","level":"info","event":"[process_and_index] Upserted batch 108 (32 vectors)","chan":"stdout","logger":"task"}
{"timestamp":"2025-07-03T16:37:47.882367Z","level":"info","event":"[process_and_index] Upserted batch 109 (32 vectors)","chan":"stdout","logger":"task"}
{"timestamp":"2025-07-03T16:37:49.801246Z","level":"info","event":"[process_and_index] Upserted batch 110 (32 vectors)","chan":"stdout","logger":"task"}
{"timestamp":"2025-07-03T16:37:51.669498Z","level":"info","event":"[process_and_index] Upserted batch 111 (32 vectors)","chan":"stdout","logger":"task"}
{"timestamp":"2025-07-03T16:37:53.731888Z","level":"info","event":"[process_and_index] Upserted batch 112 (32 vectors)","chan":"stdout","logger":"task"}
{"timestamp":"2025-07-03T16:37:55.735408Z","level":"info","event":"[process_and_index] Upserted batch 113 (32 vectors)","chan":"stdout","logger":"task"}
{"timestamp":"2025-07-03T16:37:58.191904Z","level":"info","event":"[process_and_index] Upserted batch 114 (32 vectors)","chan":"stdout","logger":"task"}
{"timestamp":"2025-07-03T16:38:00.117394Z","level":"info","event":"[process_and_index] Upserted batch 115 (32 vectors)","chan":"stdout","logger":"task"}
{"timestamp":"2025-07-03T16:38:02.168551Z","level":"info","event":"[process_and_index] Upserted batch 116 (32 vectors)","chan":"stdout","logger":"task"}
{"timestamp":"2025-07-03T16:38:04.503383Z","level":"info","event":"[process_and_index] Upserted batch 117 (32 vectors)","chan":"stdout","logger":"task"}
{"timestamp":"2025-07-03T16:38:07.216051Z","level":"info","event":"[process_and_index] Upserted batch 118 (32 vectors)","chan":"stdout","logger":"task"}
{"timestamp":"2025-07-03T16:38:09.850321Z","level":"info","event":"[process_and_index] Upserted batch 119 (32 vectors)","chan":"stdout","logger":"task"}
{"timestamp":"2025-07-03T16:38:12.652179Z","level":"info","event":"[process_and_index] Upserted batch 120 (32 vectors)","chan":"stdout","logger":"task"}
{"timestamp":"2025-07-03T16:38:15.081347Z","level":"info","event":"[process_and_index] Upserted batch 121 (32 vectors)","chan":"stdout","logger":"task"}
{"timestamp":"2025-07-03T16:38:17.560433Z","level":"info","event":"[process_and_index] Upserted batch 122 (32 vectors)","chan":"stdout","logger":"task"}
{"timestamp":"2025-07-03T16:38:20.087280Z","level":"info","event":"[process_and_index] Upserted batch 123 (32 vectors)","chan":"stdout","logger":"task"}
{"timestamp":"2025-07-03T16:38:22.649330Z","level":"info","event":"[process_and_index] Upserted batch 124 (32 vectors)","chan":"stdout","logger":"task"}
{"timestamp":"2025-07-03T16:38:25.176138Z","level":"info","event":"[process_and_index] Upserted batch 125 (32 vectors)","chan":"stdout","logger":"task"}
{"timestamp":"2025-07-03T16:38:27.986275Z","level":"info","event":"[process_and_index] Upserted batch 126 (32 vectors)","chan":"stdout","logger":"task"}
{"timestamp":"2025-07-03T16:38:30.988607Z","level":"info","event":"[process_and_index] Upserted batch 127 (32 vectors)","chan":"stdout","logger":"task"}
{"timestamp":"2025-07-03T16:38:33.487347Z","level":"info","event":"[process_and_index] Upserted batch 128 (32 vectors)","chan":"stdout","logger":"task"}
{"timestamp":"2025-07-03T16:38:35.030456Z","level":"info","event":"[process_and_index] Upserted batch 129 (32 vectors)","chan":"stdout","logger":"task"}
{"timestamp":"2025-07-03T16:38:36.849525Z","level":"info","event":"[process_and_index] Upserted batch 130 (32 vectors)","chan":"stdout","logger":"task"}
{"timestamp":"2025-07-03T16:38:38.510052Z","level":"info","event":"[process_and_index] Upserted batch 131 (32 vectors)","chan":"stdout","logger":"task"}
{"timestamp":"2025-07-03T16:38:40.574015Z","level":"info","event":"[process_and_index] Upserted batch 132 (32 vectors)","chan":"stdout","logger":"task"}
{"timestamp":"2025-07-03T16:38:43.180402Z","level":"info","event":"[process_and_index] Upserted batch 133 (32 vectors)","chan":"stdout","logger":"task"}
{"timestamp":"2025-07-03T16:38:45.287736Z","level":"info","event":"[process_and_index] Upserted batch 134 (32 vectors)","chan":"stdout","logger":"task"}
{"timestamp":"2025-07-03T16:38:47.132995Z","level":"info","event":"[process_and_index] Upserted batch 135 (32 vectors)","chan":"stdout","logger":"task"}
{"timestamp":"2025-07-03T16:38:49.116166Z","level":"info","event":"[process_and_index] Upserted batch 136 (32 vectors)","chan":"stdout","logger":"task"}
{"timestamp":"2025-07-03T16:38:51.295207Z","level":"info","event":"[process_and_index] Upserted batch 137 (32 vectors)","chan":"stdout","logger":"task"}
{"timestamp":"2025-07-03T16:38:53.472553Z","level":"info","event":"[process_and_index] Upserted batch 138 (32 vectors)","chan":"stdout","logger":"task"}
{"timestamp":"2025-07-03T16:38:55.912137Z","level":"info","event":"[process_and_index] Upserted batch 139 (32 vectors)","chan":"stdout","logger":"task"}
{"timestamp":"2025-07-03T16:38:58.359320Z","level":"info","event":"[process_and_index] Upserted batch 140 (32 vectors)","chan":"stdout","logger":"task"}
{"timestamp":"2025-07-03T16:39:00.958325Z","level":"info","event":"[process_and_index] Upserted batch 141 (32 vectors)","chan":"stdout","logger":"task"}
{"timestamp":"2025-07-03T16:39:03.688145Z","level":"info","event":"[process_and_index] Upserted batch 142 (32 vectors)","chan":"stdout","logger":"task"}
{"timestamp":"2025-07-03T16:39:05.855625Z","level":"info","event":"[process_and_index] Upserted batch 143 (32 vectors)","chan":"stdout","logger":"task"}
{"timestamp":"2025-07-03T16:39:08.409399Z","level":"info","event":"[process_and_index] Upserted batch 144 (32 vectors)","chan":"stdout","logger":"task"}
{"timestamp":"2025-07-03T16:39:09.495063Z","level":"info","event":"[process_and_index] Upserted batch 145 (10 vectors)","chan":"stdout","logger":"task"}
{"timestamp":"2025-07-03T16:39:09.495201Z","level":"info","event":"[process_and_index] Upserted total 4618 vectors for document 1","chan":"stdout","logger":"task"}
{"timestamp":"2025-07-03T16:39:09.495425Z","level":"info","event":"[process_and_index] Completed indexing all documents.","chan":"stdout","logger":"task"}
{"timestamp":"2025-07-03T16:39:09.531962","level":"info","event":"Done. Returned value was: None","logger":"airflow.task.operators.airflow.providers.standard.decorators.python._PythonDecoratedOperator"}
