{"timestamp":"2025-07-03T20:14:53.571345","level":"info","event":"DAG bundles loaded: dags-folder","logger":"airflow.dag_processing.bundles.manager.DagBundlesManager"}
{"timestamp":"2025-07-03T20:14:53.571613","level":"info","event":"Filling up the DagBag from /opt/airflow/dags/sec_filings_indexer.py","logger":"airflow.models.dagbag.DagBag"}
{"timestamp":"2025-07-03T20:14:56.123309Z","level":"info","event":"[process_and_index] Starting indexing of 1 filings...","chan":"stdout","logger":"task"}
{"timestamp":"2025-07-03T20:14:56.286415Z","level":"info","event":"[process_and_index] Doc 1/1: processing https://www.sec.gov/Archives/edgar/data/320193/000032019324000123/aapl-20240928.htm","chan":"stdout","logger":"task"}
{"timestamp":"2025-07-03T20:14:58.140318Z","level":"info","event":"[process_and_index] 4618 chunks generated for document 1","chan":"stdout","logger":"task"}
{"timestamp":"2025-07-03T20:14:58.142235","level":"info","event":"Use pytorch device_name: cpu","logger":"sentence_transformers.SentenceTransformer"}
{"timestamp":"2025-07-03T20:14:58.142404","level":"info","event":"Load pretrained SentenceTransformer: all-MiniLM-L6-v2","logger":"sentence_transformers.SentenceTransformer"}
{"timestamp":"2025-07-03T20:15:07.841181","level":"info","event":"Anonymized telemetry enabled. See                     https://docs.trychroma.com/telemetry for more information.","logger":"chromadb.telemetry.product.posthog"}
{"timestamp":"2025-07-03T20:15:07.950784Z","level":"info","event":"[process_and_index] Upserted batch 1 (32 vectors)","chan":"stdout","logger":"task"}
{"timestamp":"2025-07-03T20:15:08.809479Z","level":"info","event":"[process_and_index] Upserted batch 2 (32 vectors)","chan":"stdout","logger":"task"}
{"timestamp":"2025-07-03T20:15:09.490019Z","level":"info","event":"[process_and_index] Upserted batch 3 (32 vectors)","chan":"stdout","logger":"task"}
{"timestamp":"2025-07-03T20:15:10.122354Z","level":"info","event":"[process_and_index] Upserted batch 4 (32 vectors)","chan":"stdout","logger":"task"}
{"timestamp":"2025-07-03T20:15:10.759451Z","level":"info","event":"[process_and_index] Upserted batch 5 (32 vectors)","chan":"stdout","logger":"task"}
{"timestamp":"2025-07-03T20:15:11.585904Z","level":"info","event":"[process_and_index] Upserted batch 6 (32 vectors)","chan":"stdout","logger":"task"}
{"timestamp":"2025-07-03T20:15:12.364967Z","level":"info","event":"[process_and_index] Upserted batch 7 (32 vectors)","chan":"stdout","logger":"task"}
{"timestamp":"2025-07-03T20:15:13.156594Z","level":"info","event":"[process_and_index] Upserted batch 8 (32 vectors)","chan":"stdout","logger":"task"}
{"timestamp":"2025-07-03T20:15:13.899141Z","level":"info","event":"[process_and_index] Upserted batch 9 (32 vectors)","chan":"stdout","logger":"task"}
{"timestamp":"2025-07-03T20:15:14.722910Z","level":"info","event":"[process_and_index] Upserted batch 10 (32 vectors)","chan":"stdout","logger":"task"}
{"timestamp":"2025-07-03T20:15:15.399267Z","level":"info","event":"[process_and_index] Upserted batch 11 (32 vectors)","chan":"stdout","logger":"task"}
{"timestamp":"2025-07-03T20:15:16.093318Z","level":"info","event":"[process_and_index] Upserted batch 12 (32 vectors)","chan":"stdout","logger":"task"}
{"timestamp":"2025-07-03T20:15:16.748192Z","level":"info","event":"[process_and_index] Upserted batch 13 (32 vectors)","chan":"stdout","logger":"task"}
{"timestamp":"2025-07-03T20:15:17.492363Z","level":"info","event":"[process_and_index] Upserted batch 14 (32 vectors)","chan":"stdout","logger":"task"}
{"timestamp":"2025-07-03T20:15:18.313051Z","level":"info","event":"[process_and_index] Upserted batch 15 (32 vectors)","chan":"stdout","logger":"task"}
{"timestamp":"2025-07-03T20:15:19.186455Z","level":"info","event":"[process_and_index] Upserted batch 16 (32 vectors)","chan":"stdout","logger":"task"}
{"timestamp":"2025-07-03T20:15:19.954713Z","level":"info","event":"[process_and_index] Upserted batch 17 (32 vectors)","chan":"stdout","logger":"task"}
{"timestamp":"2025-07-03T20:15:20.756411Z","level":"info","event":"[process_and_index] Upserted batch 18 (32 vectors)","chan":"stdout","logger":"task"}
{"timestamp":"2025-07-03T20:15:21.512768Z","level":"info","event":"[process_and_index] Upserted batch 19 (32 vectors)","chan":"stdout","logger":"task"}
{"timestamp":"2025-07-03T20:15:22.293071Z","level":"info","event":"[process_and_index] Upserted batch 20 (32 vectors)","chan":"stdout","logger":"task"}
{"timestamp":"2025-07-03T20:15:23.089330Z","level":"info","event":"[process_and_index] Upserted batch 21 (32 vectors)","chan":"stdout","logger":"task"}
{"timestamp":"2025-07-03T20:15:23.901297Z","level":"info","event":"[process_and_index] Upserted batch 22 (32 vectors)","chan":"stdout","logger":"task"}
{"timestamp":"2025-07-03T20:15:24.877748Z","level":"info","event":"[process_and_index] Upserted batch 23 (32 vectors)","chan":"stdout","logger":"task"}
{"timestamp":"2025-07-03T20:15:25.631289Z","level":"info","event":"[process_and_index] Upserted batch 24 (32 vectors)","chan":"stdout","logger":"task"}
{"timestamp":"2025-07-03T20:15:26.454334Z","level":"info","event":"[process_and_index] Upserted batch 25 (32 vectors)","chan":"stdout","logger":"task"}
{"timestamp":"2025-07-03T20:15:27.272114Z","level":"info","event":"[process_and_index] Upserted batch 26 (32 vectors)","chan":"stdout","logger":"task"}
{"timestamp":"2025-07-03T20:15:28.170089Z","level":"info","event":"[process_and_index] Upserted batch 27 (32 vectors)","chan":"stdout","logger":"task"}
{"timestamp":"2025-07-03T20:15:29.158856Z","level":"info","event":"[process_and_index] Upserted batch 28 (32 vectors)","chan":"stdout","logger":"task"}
{"timestamp":"2025-07-03T20:15:29.982346Z","level":"info","event":"[process_and_index] Upserted batch 29 (32 vectors)","chan":"stdout","logger":"task"}
{"timestamp":"2025-07-03T20:15:30.810790Z","level":"info","event":"[process_and_index] Upserted batch 30 (32 vectors)","chan":"stdout","logger":"task"}
{"timestamp":"2025-07-03T20:15:31.619163Z","level":"info","event":"[process_and_index] Upserted batch 31 (32 vectors)","chan":"stdout","logger":"task"}
{"timestamp":"2025-07-03T20:15:32.468741Z","level":"info","event":"[process_and_index] Upserted batch 32 (32 vectors)","chan":"stdout","logger":"task"}
{"timestamp":"2025-07-03T20:15:33.284726Z","level":"info","event":"[process_and_index] Upserted batch 33 (32 vectors)","chan":"stdout","logger":"task"}
{"timestamp":"2025-07-03T20:15:34.171104Z","level":"info","event":"[process_and_index] Upserted batch 34 (32 vectors)","chan":"stdout","logger":"task"}
{"timestamp":"2025-07-03T20:15:35.139274Z","level":"info","event":"[process_and_index] Upserted batch 35 (32 vectors)","chan":"stdout","logger":"task"}
{"timestamp":"2025-07-03T20:15:36.172225Z","level":"info","event":"[process_and_index] Upserted batch 36 (32 vectors)","chan":"stdout","logger":"task"}
{"timestamp":"2025-07-03T20:15:37.218922Z","level":"info","event":"[process_and_index] Upserted batch 37 (32 vectors)","chan":"stdout","logger":"task"}
{"timestamp":"2025-07-03T20:15:38.329639Z","level":"info","event":"[process_and_index] Upserted batch 38 (32 vectors)","chan":"stdout","logger":"task"}
{"timestamp":"2025-07-03T20:15:39.734876Z","level":"info","event":"[process_and_index] Upserted batch 39 (32 vectors)","chan":"stdout","logger":"task"}
{"timestamp":"2025-07-03T20:15:41.022834Z","level":"info","event":"[process_and_index] Upserted batch 40 (32 vectors)","chan":"stdout","logger":"task"}
{"timestamp":"2025-07-03T20:15:42.217446Z","level":"info","event":"[process_and_index] Upserted batch 41 (32 vectors)","chan":"stdout","logger":"task"}
{"timestamp":"2025-07-03T20:15:43.503636Z","level":"info","event":"[process_and_index] Upserted batch 42 (32 vectors)","chan":"stdout","logger":"task"}
{"timestamp":"2025-07-03T20:15:44.786476Z","level":"info","event":"[process_and_index] Upserted batch 43 (32 vectors)","chan":"stdout","logger":"task"}
{"timestamp":"2025-07-03T20:15:46.198900Z","level":"info","event":"[process_and_index] Upserted batch 44 (32 vectors)","chan":"stdout","logger":"task"}
{"timestamp":"2025-07-03T20:15:47.847012Z","level":"info","event":"[process_and_index] Upserted batch 45 (32 vectors)","chan":"stdout","logger":"task"}
{"timestamp":"2025-07-03T20:15:49.456669Z","level":"info","event":"[process_and_index] Upserted batch 46 (32 vectors)","chan":"stdout","logger":"task"}
{"timestamp":"2025-07-03T20:15:50.949948Z","level":"info","event":"[process_and_index] Upserted batch 47 (32 vectors)","chan":"stdout","logger":"task"}
{"timestamp":"2025-07-03T20:15:52.694929Z","level":"info","event":"[process_and_index] Upserted batch 48 (32 vectors)","chan":"stdout","logger":"task"}
{"timestamp":"2025-07-03T20:15:54.334884Z","level":"info","event":"[process_and_index] Upserted batch 49 (32 vectors)","chan":"stdout","logger":"task"}
{"timestamp":"2025-07-03T20:15:55.833922Z","level":"info","event":"[process_and_index] Upserted batch 50 (32 vectors)","chan":"stdout","logger":"task"}
{"timestamp":"2025-07-03T20:15:57.270051Z","level":"info","event":"[process_and_index] Upserted batch 51 (32 vectors)","chan":"stdout","logger":"task"}
{"timestamp":"2025-07-03T20:15:58.726112Z","level":"info","event":"[process_and_index] Upserted batch 52 (32 vectors)","chan":"stdout","logger":"task"}
{"timestamp":"2025-07-03T20:16:00.414928Z","level":"info","event":"[process_and_index] Upserted batch 53 (32 vectors)","chan":"stdout","logger":"task"}
{"timestamp":"2025-07-03T20:16:02.259684Z","level":"info","event":"[process_and_index] Upserted batch 54 (32 vectors)","chan":"stdout","logger":"task"}
{"timestamp":"2025-07-03T20:16:03.951322Z","level":"info","event":"[process_and_index] Upserted batch 55 (32 vectors)","chan":"stdout","logger":"task"}
{"timestamp":"2025-07-03T20:16:05.716060Z","level":"info","event":"[process_and_index] Upserted batch 56 (32 vectors)","chan":"stdout","logger":"task"}
{"timestamp":"2025-07-03T20:16:07.508631Z","level":"info","event":"[process_and_index] Upserted batch 57 (32 vectors)","chan":"stdout","logger":"task"}
{"timestamp":"2025-07-03T20:16:09.404892Z","level":"info","event":"[process_and_index] Upserted batch 58 (32 vectors)","chan":"stdout","logger":"task"}
{"timestamp":"2025-07-03T20:16:11.133499Z","level":"info","event":"[process_and_index] Upserted batch 59 (32 vectors)","chan":"stdout","logger":"task"}
{"timestamp":"2025-07-03T20:16:12.876648Z","level":"info","event":"[process_and_index] Upserted batch 60 (32 vectors)","chan":"stdout","logger":"task"}
{"timestamp":"2025-07-03T20:16:14.734026Z","level":"info","event":"[process_and_index] Upserted batch 61 (32 vectors)","chan":"stdout","logger":"task"}
{"timestamp":"2025-07-03T20:16:16.604576Z","level":"info","event":"[process_and_index] Upserted batch 62 (32 vectors)","chan":"stdout","logger":"task"}
{"timestamp":"2025-07-03T20:16:18.331478Z","level":"info","event":"[process_and_index] Upserted batch 63 (32 vectors)","chan":"stdout","logger":"task"}
{"timestamp":"2025-07-03T20:16:20.328395Z","level":"info","event":"[process_and_index] Upserted batch 64 (32 vectors)","chan":"stdout","logger":"task"}
{"timestamp":"2025-07-03T20:16:21.880937Z","level":"info","event":"[process_and_index] Upserted batch 65 (32 vectors)","chan":"stdout","logger":"task"}
{"timestamp":"2025-07-03T20:16:23.439294Z","level":"info","event":"[process_and_index] Upserted batch 66 (32 vectors)","chan":"stdout","logger":"task"}
{"timestamp":"2025-07-03T20:16:24.865345Z","level":"info","event":"[process_and_index] Upserted batch 67 (32 vectors)","chan":"stdout","logger":"task"}
{"timestamp":"2025-07-03T20:16:26.410889Z","level":"info","event":"[process_and_index] Upserted batch 68 (32 vectors)","chan":"stdout","logger":"task"}
{"timestamp":"2025-07-03T20:16:28.105137Z","level":"info","event":"[process_and_index] Upserted batch 69 (32 vectors)","chan":"stdout","logger":"task"}
{"timestamp":"2025-07-03T20:16:29.807027Z","level":"info","event":"[process_and_index] Upserted batch 70 (32 vectors)","chan":"stdout","logger":"task"}
{"timestamp":"2025-07-03T20:16:31.215707Z","level":"info","event":"[process_and_index] Upserted batch 71 (32 vectors)","chan":"stdout","logger":"task"}
{"timestamp":"2025-07-03T20:16:32.794196Z","level":"info","event":"[process_and_index] Upserted batch 72 (32 vectors)","chan":"stdout","logger":"task"}
{"timestamp":"2025-07-03T20:16:34.354918Z","level":"info","event":"[process_and_index] Upserted batch 73 (32 vectors)","chan":"stdout","logger":"task"}
{"timestamp":"2025-07-03T20:16:35.954702Z","level":"info","event":"[process_and_index] Upserted batch 74 (32 vectors)","chan":"stdout","logger":"task"}
{"timestamp":"2025-07-03T20:16:37.418791Z","level":"info","event":"[process_and_index] Upserted batch 75 (32 vectors)","chan":"stdout","logger":"task"}
{"timestamp":"2025-07-03T20:16:39.037641Z","level":"info","event":"[process_and_index] Upserted batch 76 (32 vectors)","chan":"stdout","logger":"task"}
{"timestamp":"2025-07-03T20:16:40.857275Z","level":"info","event":"[process_and_index] Upserted batch 77 (32 vectors)","chan":"stdout","logger":"task"}
{"timestamp":"2025-07-03T20:16:42.602115Z","level":"info","event":"[process_and_index] Upserted batch 78 (32 vectors)","chan":"stdout","logger":"task"}
{"timestamp":"2025-07-03T20:16:44.198940Z","level":"info","event":"[process_and_index] Upserted batch 79 (32 vectors)","chan":"stdout","logger":"task"}
{"timestamp":"2025-07-03T20:16:45.878052Z","level":"info","event":"[process_and_index] Upserted batch 80 (32 vectors)","chan":"stdout","logger":"task"}
{"timestamp":"2025-07-03T20:16:47.507105Z","level":"info","event":"[process_and_index] Upserted batch 81 (32 vectors)","chan":"stdout","logger":"task"}
{"timestamp":"2025-07-03T20:16:49.319954Z","level":"info","event":"[process_and_index] Upserted batch 82 (32 vectors)","chan":"stdout","logger":"task"}
{"timestamp":"2025-07-03T20:16:51.030077Z","level":"info","event":"[process_and_index] Upserted batch 83 (32 vectors)","chan":"stdout","logger":"task"}
{"timestamp":"2025-07-03T20:16:52.974873Z","level":"info","event":"[process_and_index] Upserted batch 84 (32 vectors)","chan":"stdout","logger":"task"}
{"timestamp":"2025-07-03T20:16:54.933317Z","level":"info","event":"[process_and_index] Upserted batch 85 (32 vectors)","chan":"stdout","logger":"task"}
{"timestamp":"2025-07-03T20:16:57.166346Z","level":"info","event":"[process_and_index] Upserted batch 86 (32 vectors)","chan":"stdout","logger":"task"}
{"timestamp":"2025-07-03T20:16:59.598060Z","level":"info","event":"[process_and_index] Upserted batch 87 (32 vectors)","chan":"stdout","logger":"task"}
{"timestamp":"2025-07-03T20:17:01.984159Z","level":"info","event":"[process_and_index] Upserted batch 88 (32 vectors)","chan":"stdout","logger":"task"}
{"timestamp":"2025-07-03T20:17:04.352198Z","level":"info","event":"[process_and_index] Upserted batch 89 (32 vectors)","chan":"stdout","logger":"task"}
{"timestamp":"2025-07-03T20:17:06.742234Z","level":"info","event":"[process_and_index] Upserted batch 90 (32 vectors)","chan":"stdout","logger":"task"}
{"timestamp":"2025-07-03T20:17:09.232156Z","level":"info","event":"[process_and_index] Upserted batch 91 (32 vectors)","chan":"stdout","logger":"task"}
{"timestamp":"2025-07-03T20:17:11.524867Z","level":"info","event":"[process_and_index] Upserted batch 92 (32 vectors)","chan":"stdout","logger":"task"}
{"timestamp":"2025-07-03T20:17:13.803292Z","level":"info","event":"[process_and_index] Upserted batch 93 (32 vectors)","chan":"stdout","logger":"task"}
{"timestamp":"2025-07-03T20:17:16.443593Z","level":"info","event":"[process_and_index] Upserted batch 94 (32 vectors)","chan":"stdout","logger":"task"}
{"timestamp":"2025-07-03T20:17:18.941159Z","level":"info","event":"[process_and_index] Upserted batch 95 (32 vectors)","chan":"stdout","logger":"task"}
{"timestamp":"2025-07-03T20:17:21.140104Z","level":"info","event":"[process_and_index] Upserted batch 96 (32 vectors)","chan":"stdout","logger":"task"}
{"timestamp":"2025-07-03T20:17:22.558177Z","level":"info","event":"[process_and_index] Upserted batch 97 (32 vectors)","chan":"stdout","logger":"task"}
{"timestamp":"2025-07-03T20:17:24.174791Z","level":"info","event":"[process_and_index] Upserted batch 98 (32 vectors)","chan":"stdout","logger":"task"}
{"timestamp":"2025-07-03T20:17:25.777680Z","level":"info","event":"[process_and_index] Upserted batch 99 (32 vectors)","chan":"stdout","logger":"task"}
{"timestamp":"2025-07-03T20:17:27.445135Z","level":"info","event":"[process_and_index] Upserted batch 100 (32 vectors)","chan":"stdout","logger":"task"}
{"timestamp":"2025-07-03T20:17:29.330114Z","level":"info","event":"[process_and_index] Upserted batch 101 (32 vectors)","chan":"stdout","logger":"task"}
{"timestamp":"2025-07-03T20:17:31.192239Z","level":"info","event":"[process_and_index] Upserted batch 102 (32 vectors)","chan":"stdout","logger":"task"}
{"timestamp":"2025-07-03T20:17:33.037501Z","level":"info","event":"[process_and_index] Upserted batch 103 (32 vectors)","chan":"stdout","logger":"task"}
{"timestamp":"2025-07-03T20:17:34.936298Z","level":"info","event":"[process_and_index] Upserted batch 104 (32 vectors)","chan":"stdout","logger":"task"}
{"timestamp":"2025-07-03T20:17:36.803462Z","level":"info","event":"[process_and_index] Upserted batch 105 (32 vectors)","chan":"stdout","logger":"task"}
{"timestamp":"2025-07-03T20:17:39.269393Z","level":"info","event":"[process_and_index] Upserted batch 106 (32 vectors)","chan":"stdout","logger":"task"}
{"timestamp":"2025-07-03T20:17:41.427929Z","level":"info","event":"[process_and_index] Upserted batch 107 (32 vectors)","chan":"stdout","logger":"task"}
{"timestamp":"2025-07-03T20:17:43.318937Z","level":"info","event":"[process_and_index] Upserted batch 108 (32 vectors)","chan":"stdout","logger":"task"}
{"timestamp":"2025-07-03T20:17:45.344037Z","level":"info","event":"[process_and_index] Upserted batch 109 (32 vectors)","chan":"stdout","logger":"task"}
{"timestamp":"2025-07-03T20:17:47.260934Z","level":"info","event":"[process_and_index] Upserted batch 110 (32 vectors)","chan":"stdout","logger":"task"}
{"timestamp":"2025-07-03T20:17:49.028824Z","level":"info","event":"[process_and_index] Upserted batch 111 (32 vectors)","chan":"stdout","logger":"task"}
{"timestamp":"2025-07-03T20:17:51.007189Z","level":"info","event":"[process_and_index] Upserted batch 112 (32 vectors)","chan":"stdout","logger":"task"}
{"timestamp":"2025-07-03T20:17:52.836607Z","level":"info","event":"[process_and_index] Upserted batch 113 (32 vectors)","chan":"stdout","logger":"task"}
{"timestamp":"2025-07-03T20:17:54.860579Z","level":"info","event":"[process_and_index] Upserted batch 114 (32 vectors)","chan":"stdout","logger":"task"}
{"timestamp":"2025-07-03T20:17:56.847489Z","level":"info","event":"[process_and_index] Upserted batch 115 (32 vectors)","chan":"stdout","logger":"task"}
{"timestamp":"2025-07-03T20:17:58.979608Z","level":"info","event":"[process_and_index] Upserted batch 116 (32 vectors)","chan":"stdout","logger":"task"}
{"timestamp":"2025-07-03T20:18:01.394150Z","level":"info","event":"[process_and_index] Upserted batch 117 (32 vectors)","chan":"stdout","logger":"task"}
{"timestamp":"2025-07-03T20:18:03.567349Z","level":"info","event":"[process_and_index] Upserted batch 118 (32 vectors)","chan":"stdout","logger":"task"}
{"timestamp":"2025-07-03T20:18:06.256253Z","level":"info","event":"[process_and_index] Upserted batch 119 (32 vectors)","chan":"stdout","logger":"task"}
{"timestamp":"2025-07-03T20:18:09.308874Z","level":"info","event":"[process_and_index] Upserted batch 120 (32 vectors)","chan":"stdout","logger":"task"}
{"timestamp":"2025-07-03T20:18:12.488896Z","level":"info","event":"[process_and_index] Upserted batch 121 (32 vectors)","chan":"stdout","logger":"task"}
{"timestamp":"2025-07-03T20:18:15.580579Z","level":"info","event":"[process_and_index] Upserted batch 122 (32 vectors)","chan":"stdout","logger":"task"}
{"timestamp":"2025-07-03T20:18:18.481203Z","level":"info","event":"[process_and_index] Upserted batch 123 (32 vectors)","chan":"stdout","logger":"task"}
{"timestamp":"2025-07-03T20:18:21.145367Z","level":"info","event":"[process_and_index] Upserted batch 124 (32 vectors)","chan":"stdout","logger":"task"}
{"timestamp":"2025-07-03T20:18:23.728850Z","level":"info","event":"[process_and_index] Upserted batch 125 (32 vectors)","chan":"stdout","logger":"task"}
{"timestamp":"2025-07-03T20:18:26.311282Z","level":"info","event":"[process_and_index] Upserted batch 126 (32 vectors)","chan":"stdout","logger":"task"}
{"timestamp":"2025-07-03T20:18:29.005371Z","level":"info","event":"[process_and_index] Upserted batch 127 (32 vectors)","chan":"stdout","logger":"task"}
{"timestamp":"2025-07-03T20:18:31.749519Z","level":"info","event":"[process_and_index] Upserted batch 128 (32 vectors)","chan":"stdout","logger":"task"}
{"timestamp":"2025-07-03T20:18:33.278475Z","level":"info","event":"[process_and_index] Upserted batch 129 (32 vectors)","chan":"stdout","logger":"task"}
{"timestamp":"2025-07-03T20:18:34.956019Z","level":"info","event":"[process_and_index] Upserted batch 130 (32 vectors)","chan":"stdout","logger":"task"}
{"timestamp":"2025-07-03T20:18:36.586046Z","level":"info","event":"[process_and_index] Upserted batch 131 (32 vectors)","chan":"stdout","logger":"task"}
{"timestamp":"2025-07-03T20:18:38.800310Z","level":"info","event":"[process_and_index] Upserted batch 132 (32 vectors)","chan":"stdout","logger":"task"}
{"timestamp":"2025-07-03T20:18:41.251494Z","level":"info","event":"[process_and_index] Upserted batch 133 (32 vectors)","chan":"stdout","logger":"task"}
{"timestamp":"2025-07-03T20:18:43.554174Z","level":"info","event":"[process_and_index] Upserted batch 134 (32 vectors)","chan":"stdout","logger":"task"}
{"timestamp":"2025-07-03T20:18:46.392035Z","level":"info","event":"[process_and_index] Upserted batch 135 (32 vectors)","chan":"stdout","logger":"task"}
{"timestamp":"2025-07-03T20:18:49.319030Z","level":"info","event":"[process_and_index] Upserted batch 136 (32 vectors)","chan":"stdout","logger":"task"}
{"timestamp":"2025-07-03T20:18:51.507501Z","level":"info","event":"[process_and_index] Upserted batch 137 (32 vectors)","chan":"stdout","logger":"task"}
{"timestamp":"2025-07-03T20:18:53.559719Z","level":"info","event":"[process_and_index] Upserted batch 138 (32 vectors)","chan":"stdout","logger":"task"}
{"timestamp":"2025-07-03T20:18:55.420678Z","level":"info","event":"[process_and_index] Upserted batch 139 (32 vectors)","chan":"stdout","logger":"task"}
{"timestamp":"2025-07-03T20:18:57.849175Z","level":"info","event":"[process_and_index] Upserted batch 140 (32 vectors)","chan":"stdout","logger":"task"}
{"timestamp":"2025-07-03T20:19:00.790881Z","level":"info","event":"[process_and_index] Upserted batch 141 (32 vectors)","chan":"stdout","logger":"task"}
{"timestamp":"2025-07-03T20:19:03.516523Z","level":"info","event":"[process_and_index] Upserted batch 142 (32 vectors)","chan":"stdout","logger":"task"}
{"timestamp":"2025-07-03T20:19:05.808333Z","level":"info","event":"[process_and_index] Upserted batch 143 (32 vectors)","chan":"stdout","logger":"task"}
{"timestamp":"2025-07-03T20:19:08.239584Z","level":"info","event":"[process_and_index] Upserted batch 144 (32 vectors)","chan":"stdout","logger":"task"}
{"timestamp":"2025-07-03T20:19:09.639804Z","level":"info","event":"[process_and_index] Upserted batch 145 (10 vectors)","chan":"stdout","logger":"task"}
{"timestamp":"2025-07-03T20:19:09.643982Z","level":"info","event":"[process_and_index] Upserted total 4618 vectors for document 1","chan":"stdout","logger":"task"}
{"timestamp":"2025-07-03T20:19:09.644756Z","level":"info","event":"[process_and_index] Completed indexing all documents.","chan":"stdout","logger":"task"}
{"timestamp":"2025-07-03T20:19:09.708926","level":"info","event":"Done. Returned value was: None","logger":"airflow.task.operators.airflow.providers.standard.decorators.python._PythonDecoratedOperator"}
