{"timestamp":"2025-07-04T02:49:14.572009","level":"info","event":"DAG bundles loaded: dags-folder","logger":"airflow.dag_processing.bundles.manager.DagBundlesManager"}
{"timestamp":"2025-07-04T02:49:14.572729","level":"info","event":"Filling up the DagBag from /opt/airflow/dags/sec_filings_indexer_dag.py","logger":"airflow.models.dagbag.DagBag"}
{"timestamp":"2025-07-04T02:49:18.839522Z","level":"info","event":"[process_and_index] Starting indexing of 1 filings...","chan":"stdout","logger":"task"}
{"timestamp":"2025-07-04T02:49:18.839783Z","level":"info","event":"[process_and_index] Doc 1/1: processing https://www.sec.gov/Archives/edgar/data/320193/000032019324000123/aapl-20240928.htm","chan":"stdout","logger":"task"}
{"timestamp":"2025-07-04T02:49:19.397188Z","level":"info","event":"[process_and_index] 4618 chunks generated for document 1","chan":"stdout","logger":"task"}
{"timestamp":"2025-07-04T02:49:19.399171","level":"info","event":"Use pytorch device_name: cpu","logger":"sentence_transformers.SentenceTransformer"}
{"timestamp":"2025-07-04T02:49:19.399283","level":"info","event":"Load pretrained SentenceTransformer: all-MiniLM-L6-v2","logger":"sentence_transformers.SentenceTransformer"}
{"timestamp":"2025-07-04T02:49:23.429419","level":"info","event":"Anonymized telemetry enabled. See                     https://docs.trychroma.com/telemetry for more information.","logger":"chromadb.telemetry.product.posthog"}
{"timestamp":"2025-07-04T02:49:24.300212Z","level":"info","event":"[process_and_index] Upserted batch 1 (32 vectors)","chan":"stdout","logger":"task"}
{"timestamp":"2025-07-04T02:49:25.403977Z","level":"info","event":"[process_and_index] Upserted batch 2 (32 vectors)","chan":"stdout","logger":"task"}
{"timestamp":"2025-07-04T02:49:26.801654Z","level":"info","event":"[process_and_index] Upserted batch 3 (32 vectors)","chan":"stdout","logger":"task"}
{"timestamp":"2025-07-04T02:49:27.983447Z","level":"info","event":"[process_and_index] Upserted batch 4 (32 vectors)","chan":"stdout","logger":"task"}
{"timestamp":"2025-07-04T02:49:29.226314Z","level":"info","event":"[process_and_index] Upserted batch 5 (32 vectors)","chan":"stdout","logger":"task"}
{"timestamp":"2025-07-04T02:49:30.348913Z","level":"info","event":"[process_and_index] Upserted batch 6 (32 vectors)","chan":"stdout","logger":"task"}
{"timestamp":"2025-07-04T02:49:31.528149Z","level":"info","event":"[process_and_index] Upserted batch 7 (32 vectors)","chan":"stdout","logger":"task"}
{"timestamp":"2025-07-04T02:49:32.666456Z","level":"info","event":"[process_and_index] Upserted batch 8 (32 vectors)","chan":"stdout","logger":"task"}
{"timestamp":"2025-07-04T02:49:33.811886Z","level":"info","event":"[process_and_index] Upserted batch 9 (32 vectors)","chan":"stdout","logger":"task"}
{"timestamp":"2025-07-04T02:49:35.188252Z","level":"info","event":"[process_and_index] Upserted batch 10 (32 vectors)","chan":"stdout","logger":"task"}
{"timestamp":"2025-07-04T02:49:36.502245Z","level":"info","event":"[process_and_index] Upserted batch 11 (32 vectors)","chan":"stdout","logger":"task"}
{"timestamp":"2025-07-04T02:49:37.670018Z","level":"info","event":"[process_and_index] Upserted batch 12 (32 vectors)","chan":"stdout","logger":"task"}
{"timestamp":"2025-07-04T02:49:39.502793Z","level":"info","event":"[process_and_index] Upserted batch 13 (32 vectors)","chan":"stdout","logger":"task"}
{"timestamp":"2025-07-04T02:49:41.016007Z","level":"info","event":"[process_and_index] Upserted batch 14 (32 vectors)","chan":"stdout","logger":"task"}
{"timestamp":"2025-07-04T02:49:42.276516Z","level":"info","event":"[process_and_index] Upserted batch 15 (32 vectors)","chan":"stdout","logger":"task"}
{"timestamp":"2025-07-04T02:49:42.919418Z","level":"info","event":"[process_and_index] Upserted batch 16 (32 vectors)","chan":"stdout","logger":"task"}
{"timestamp":"2025-07-04T02:49:43.589442Z","level":"info","event":"[process_and_index] Upserted batch 17 (32 vectors)","chan":"stdout","logger":"task"}
{"timestamp":"2025-07-04T02:49:44.329456Z","level":"info","event":"[process_and_index] Upserted batch 18 (32 vectors)","chan":"stdout","logger":"task"}
{"timestamp":"2025-07-04T02:49:45.111311Z","level":"info","event":"[process_and_index] Upserted batch 19 (32 vectors)","chan":"stdout","logger":"task"}
{"timestamp":"2025-07-04T02:49:45.884668Z","level":"info","event":"[process_and_index] Upserted batch 20 (32 vectors)","chan":"stdout","logger":"task"}
{"timestamp":"2025-07-04T02:49:46.575859Z","level":"info","event":"[process_and_index] Upserted batch 21 (32 vectors)","chan":"stdout","logger":"task"}
{"timestamp":"2025-07-04T02:49:47.347561Z","level":"info","event":"[process_and_index] Upserted batch 22 (32 vectors)","chan":"stdout","logger":"task"}
{"timestamp":"2025-07-04T02:49:48.040533Z","level":"info","event":"[process_and_index] Upserted batch 23 (32 vectors)","chan":"stdout","logger":"task"}
{"timestamp":"2025-07-04T02:49:49.044609Z","level":"info","event":"[process_and_index] Upserted batch 24 (32 vectors)","chan":"stdout","logger":"task"}
{"timestamp":"2025-07-04T02:49:50.157372Z","level":"info","event":"[process_and_index] Upserted batch 25 (32 vectors)","chan":"stdout","logger":"task"}
{"timestamp":"2025-07-04T02:49:51.307376Z","level":"info","event":"[process_and_index] Upserted batch 26 (32 vectors)","chan":"stdout","logger":"task"}
{"timestamp":"2025-07-04T02:49:52.479119Z","level":"info","event":"[process_and_index] Upserted batch 27 (32 vectors)","chan":"stdout","logger":"task"}
{"timestamp":"2025-07-04T02:49:53.670611Z","level":"info","event":"[process_and_index] Upserted batch 28 (32 vectors)","chan":"stdout","logger":"task"}
{"timestamp":"2025-07-04T02:49:54.806740Z","level":"info","event":"[process_and_index] Upserted batch 29 (32 vectors)","chan":"stdout","logger":"task"}
{"timestamp":"2025-07-04T02:49:55.748378Z","level":"info","event":"[process_and_index] Upserted batch 30 (32 vectors)","chan":"stdout","logger":"task"}
{"timestamp":"2025-07-04T02:49:56.620943Z","level":"info","event":"[process_and_index] Upserted batch 31 (32 vectors)","chan":"stdout","logger":"task"}
{"timestamp":"2025-07-04T02:49:57.385010Z","level":"info","event":"[process_and_index] Upserted batch 32 (32 vectors)","chan":"stdout","logger":"task"}
{"timestamp":"2025-07-04T02:49:58.166319Z","level":"info","event":"[process_and_index] Upserted batch 33 (32 vectors)","chan":"stdout","logger":"task"}
{"timestamp":"2025-07-04T02:49:59.199614Z","level":"info","event":"[process_and_index] Upserted batch 34 (32 vectors)","chan":"stdout","logger":"task"}
{"timestamp":"2025-07-04T02:50:00.039539Z","level":"info","event":"[process_and_index] Upserted batch 35 (32 vectors)","chan":"stdout","logger":"task"}
{"timestamp":"2025-07-04T02:50:00.943154Z","level":"info","event":"[process_and_index] Upserted batch 36 (32 vectors)","chan":"stdout","logger":"task"}
{"timestamp":"2025-07-04T02:50:01.902707Z","level":"info","event":"[process_and_index] Upserted batch 37 (32 vectors)","chan":"stdout","logger":"task"}
{"timestamp":"2025-07-04T02:50:02.992702Z","level":"info","event":"[process_and_index] Upserted batch 38 (32 vectors)","chan":"stdout","logger":"task"}
{"timestamp":"2025-07-04T02:50:04.199759Z","level":"info","event":"[process_and_index] Upserted batch 39 (32 vectors)","chan":"stdout","logger":"task"}
{"timestamp":"2025-07-04T02:50:05.373235Z","level":"info","event":"[process_and_index] Upserted batch 40 (32 vectors)","chan":"stdout","logger":"task"}
{"timestamp":"2025-07-04T02:50:06.708977Z","level":"info","event":"[process_and_index] Upserted batch 41 (32 vectors)","chan":"stdout","logger":"task"}
{"timestamp":"2025-07-04T02:50:07.877206Z","level":"info","event":"[process_and_index] Upserted batch 42 (32 vectors)","chan":"stdout","logger":"task"}
{"timestamp":"2025-07-04T02:50:09.419762Z","level":"info","event":"[process_and_index] Upserted batch 43 (32 vectors)","chan":"stdout","logger":"task"}
{"timestamp":"2025-07-04T02:50:10.706400Z","level":"info","event":"[process_and_index] Upserted batch 44 (32 vectors)","chan":"stdout","logger":"task"}
{"timestamp":"2025-07-04T02:50:12.243248Z","level":"info","event":"[process_and_index] Upserted batch 45 (32 vectors)","chan":"stdout","logger":"task"}
{"timestamp":"2025-07-04T02:50:14.037105Z","level":"info","event":"[process_and_index] Upserted batch 46 (32 vectors)","chan":"stdout","logger":"task"}
{"timestamp":"2025-07-04T02:50:15.519801Z","level":"info","event":"[process_and_index] Upserted batch 47 (32 vectors)","chan":"stdout","logger":"task"}
{"timestamp":"2025-07-04T02:50:16.712042Z","level":"info","event":"[process_and_index] Upserted batch 48 (32 vectors)","chan":"stdout","logger":"task"}
{"timestamp":"2025-07-04T02:50:17.903738Z","level":"info","event":"[process_and_index] Upserted batch 49 (32 vectors)","chan":"stdout","logger":"task"}
{"timestamp":"2025-07-04T02:50:19.298847Z","level":"info","event":"[process_and_index] Upserted batch 50 (32 vectors)","chan":"stdout","logger":"task"}
{"timestamp":"2025-07-04T02:50:20.717204Z","level":"info","event":"[process_and_index] Upserted batch 51 (32 vectors)","chan":"stdout","logger":"task"}
{"timestamp":"2025-07-04T02:50:21.979401Z","level":"info","event":"[process_and_index] Upserted batch 52 (32 vectors)","chan":"stdout","logger":"task"}
{"timestamp":"2025-07-04T02:50:23.532420Z","level":"info","event":"[process_and_index] Upserted batch 53 (32 vectors)","chan":"stdout","logger":"task"}
{"timestamp":"2025-07-04T02:50:25.326773Z","level":"info","event":"[process_and_index] Upserted batch 54 (32 vectors)","chan":"stdout","logger":"task"}
{"timestamp":"2025-07-04T02:50:27.651257Z","level":"info","event":"[process_and_index] Upserted batch 55 (32 vectors)","chan":"stdout","logger":"task"}
{"timestamp":"2025-07-04T02:50:29.554089Z","level":"info","event":"[process_and_index] Upserted batch 56 (32 vectors)","chan":"stdout","logger":"task"}
{"timestamp":"2025-07-04T02:50:31.133935Z","level":"info","event":"[process_and_index] Upserted batch 57 (32 vectors)","chan":"stdout","logger":"task"}
{"timestamp":"2025-07-04T02:50:32.634357Z","level":"info","event":"[process_and_index] Upserted batch 58 (32 vectors)","chan":"stdout","logger":"task"}
{"timestamp":"2025-07-04T02:50:34.036163Z","level":"info","event":"[process_and_index] Upserted batch 59 (32 vectors)","chan":"stdout","logger":"task"}
{"timestamp":"2025-07-04T02:50:35.473824Z","level":"info","event":"[process_and_index] Upserted batch 60 (32 vectors)","chan":"stdout","logger":"task"}
{"timestamp":"2025-07-04T02:50:37.108297Z","level":"info","event":"[process_and_index] Upserted batch 61 (32 vectors)","chan":"stdout","logger":"task"}
{"timestamp":"2025-07-04T02:50:38.645869Z","level":"info","event":"[process_and_index] Upserted batch 62 (32 vectors)","chan":"stdout","logger":"task"}
{"timestamp":"2025-07-04T02:50:40.375702Z","level":"info","event":"[process_and_index] Upserted batch 63 (32 vectors)","chan":"stdout","logger":"task"}
{"timestamp":"2025-07-04T02:50:41.854557Z","level":"info","event":"[process_and_index] Upserted batch 64 (32 vectors)","chan":"stdout","logger":"task"}
{"timestamp":"2025-07-04T02:50:43.390006Z","level":"info","event":"[process_and_index] Upserted batch 65 (32 vectors)","chan":"stdout","logger":"task"}
{"timestamp":"2025-07-04T02:50:45.152885Z","level":"info","event":"[process_and_index] Upserted batch 66 (32 vectors)","chan":"stdout","logger":"task"}
{"timestamp":"2025-07-04T02:50:47.176818Z","level":"info","event":"[process_and_index] Upserted batch 67 (32 vectors)","chan":"stdout","logger":"task"}
{"timestamp":"2025-07-04T02:50:48.857192Z","level":"info","event":"[process_and_index] Upserted batch 68 (32 vectors)","chan":"stdout","logger":"task"}
{"timestamp":"2025-07-04T02:50:50.864731Z","level":"info","event":"[process_and_index] Upserted batch 69 (32 vectors)","chan":"stdout","logger":"task"}
{"timestamp":"2025-07-04T02:50:53.152328Z","level":"info","event":"[process_and_index] Upserted batch 70 (32 vectors)","chan":"stdout","logger":"task"}
{"timestamp":"2025-07-04T02:50:55.071274Z","level":"info","event":"[process_and_index] Upserted batch 71 (32 vectors)","chan":"stdout","logger":"task"}
{"timestamp":"2025-07-04T02:50:56.948044Z","level":"info","event":"[process_and_index] Upserted batch 72 (32 vectors)","chan":"stdout","logger":"task"}
{"timestamp":"2025-07-04T02:50:59.129355Z","level":"info","event":"[process_and_index] Upserted batch 73 (32 vectors)","chan":"stdout","logger":"task"}
{"timestamp":"2025-07-04T02:51:01.179523Z","level":"info","event":"[process_and_index] Upserted batch 74 (32 vectors)","chan":"stdout","logger":"task"}
{"timestamp":"2025-07-04T02:51:03.512522Z","level":"info","event":"[process_and_index] Upserted batch 75 (32 vectors)","chan":"stdout","logger":"task"}
{"timestamp":"2025-07-04T02:51:05.939734Z","level":"info","event":"[process_and_index] Upserted batch 76 (32 vectors)","chan":"stdout","logger":"task"}
{"timestamp":"2025-07-04T02:51:07.784517Z","level":"info","event":"[process_and_index] Upserted batch 77 (32 vectors)","chan":"stdout","logger":"task"}
{"timestamp":"2025-07-04T02:51:09.835608Z","level":"info","event":"[process_and_index] Upserted batch 78 (32 vectors)","chan":"stdout","logger":"task"}
{"timestamp":"2025-07-04T02:51:11.713046Z","level":"info","event":"[process_and_index] Upserted batch 79 (32 vectors)","chan":"stdout","logger":"task"}
{"timestamp":"2025-07-04T02:51:12.862185Z","level":"info","event":"[process_and_index] Upserted batch 80 (32 vectors)","chan":"stdout","logger":"task"}
{"timestamp":"2025-07-04T02:51:14.082738Z","level":"info","event":"[process_and_index] Upserted batch 81 (32 vectors)","chan":"stdout","logger":"task"}
{"timestamp":"2025-07-04T02:51:15.353006Z","level":"info","event":"[process_and_index] Upserted batch 82 (32 vectors)","chan":"stdout","logger":"task"}
{"timestamp":"2025-07-04T02:51:16.760589Z","level":"info","event":"[process_and_index] Upserted batch 83 (32 vectors)","chan":"stdout","logger":"task"}
{"timestamp":"2025-07-04T02:51:18.631669Z","level":"info","event":"[process_and_index] Upserted batch 84 (32 vectors)","chan":"stdout","logger":"task"}
{"timestamp":"2025-07-04T02:51:20.242568Z","level":"info","event":"[process_and_index] Upserted batch 85 (32 vectors)","chan":"stdout","logger":"task"}
{"timestamp":"2025-07-04T02:51:21.762308Z","level":"info","event":"[process_and_index] Upserted batch 86 (32 vectors)","chan":"stdout","logger":"task"}
{"timestamp":"2025-07-04T02:51:23.793012Z","level":"info","event":"[process_and_index] Upserted batch 87 (32 vectors)","chan":"stdout","logger":"task"}
{"timestamp":"2025-07-04T02:51:25.342411Z","level":"info","event":"[process_and_index] Upserted batch 88 (32 vectors)","chan":"stdout","logger":"task"}
{"timestamp":"2025-07-04T02:51:27.096789Z","level":"info","event":"[process_and_index] Upserted batch 89 (32 vectors)","chan":"stdout","logger":"task"}
{"timestamp":"2025-07-04T02:51:28.895988Z","level":"info","event":"[process_and_index] Upserted batch 90 (32 vectors)","chan":"stdout","logger":"task"}
{"timestamp":"2025-07-04T02:51:30.674306Z","level":"info","event":"[process_and_index] Upserted batch 91 (32 vectors)","chan":"stdout","logger":"task"}
{"timestamp":"2025-07-04T02:51:32.097385Z","level":"info","event":"[process_and_index] Upserted batch 92 (32 vectors)","chan":"stdout","logger":"task"}
{"timestamp":"2025-07-04T02:51:33.789053Z","level":"info","event":"[process_and_index] Upserted batch 93 (32 vectors)","chan":"stdout","logger":"task"}
{"timestamp":"2025-07-04T02:51:35.333194Z","level":"info","event":"[process_and_index] Upserted batch 94 (32 vectors)","chan":"stdout","logger":"task"}
{"timestamp":"2025-07-04T02:51:37.054895Z","level":"info","event":"[process_and_index] Upserted batch 95 (32 vectors)","chan":"stdout","logger":"task"}
{"timestamp":"2025-07-04T02:51:39.186212Z","level":"info","event":"[process_and_index] Upserted batch 96 (32 vectors)","chan":"stdout","logger":"task"}
{"timestamp":"2025-07-04T02:51:41.422048Z","level":"info","event":"[process_and_index] Upserted batch 97 (32 vectors)","chan":"stdout","logger":"task"}
{"timestamp":"2025-07-04T02:51:43.103457Z","level":"info","event":"[process_and_index] Upserted batch 98 (32 vectors)","chan":"stdout","logger":"task"}
{"timestamp":"2025-07-04T02:51:44.843623Z","level":"info","event":"[process_and_index] Upserted batch 99 (32 vectors)","chan":"stdout","logger":"task"}
{"timestamp":"2025-07-04T02:51:46.607730Z","level":"info","event":"[process_and_index] Upserted batch 100 (32 vectors)","chan":"stdout","logger":"task"}
{"timestamp":"2025-07-04T02:51:48.200968Z","level":"info","event":"[process_and_index] Upserted batch 101 (32 vectors)","chan":"stdout","logger":"task"}
{"timestamp":"2025-07-04T02:51:50.066200Z","level":"info","event":"[process_and_index] Upserted batch 102 (32 vectors)","chan":"stdout","logger":"task"}
{"timestamp":"2025-07-04T02:51:52.106555Z","level":"info","event":"[process_and_index] Upserted batch 103 (32 vectors)","chan":"stdout","logger":"task"}
{"timestamp":"2025-07-04T02:51:54.432314Z","level":"info","event":"[process_and_index] Upserted batch 104 (32 vectors)","chan":"stdout","logger":"task"}
{"timestamp":"2025-07-04T02:51:56.371565Z","level":"info","event":"[process_and_index] Upserted batch 105 (32 vectors)","chan":"stdout","logger":"task"}
{"timestamp":"2025-07-04T02:51:58.571204Z","level":"info","event":"[process_and_index] Upserted batch 106 (32 vectors)","chan":"stdout","logger":"task"}
{"timestamp":"2025-07-04T02:52:00.510872Z","level":"info","event":"[process_and_index] Upserted batch 107 (32 vectors)","chan":"stdout","logger":"task"}
{"timestamp":"2025-07-04T02:52:02.614768Z","level":"info","event":"[process_and_index] Upserted batch 108 (32 vectors)","chan":"stdout","logger":"task"}
{"timestamp":"2025-07-04T02:52:04.658925Z","level":"info","event":"[process_and_index] Upserted batch 109 (32 vectors)","chan":"stdout","logger":"task"}
{"timestamp":"2025-07-04T02:52:06.685280Z","level":"info","event":"[process_and_index] Upserted batch 110 (32 vectors)","chan":"stdout","logger":"task"}
{"timestamp":"2025-07-04T02:52:09.148906Z","level":"info","event":"[process_and_index] Upserted batch 111 (32 vectors)","chan":"stdout","logger":"task"}
{"timestamp":"2025-07-04T02:52:10.686831Z","level":"info","event":"[process_and_index] Upserted batch 112 (32 vectors)","chan":"stdout","logger":"task"}
{"timestamp":"2025-07-04T02:52:12.035515Z","level":"info","event":"[process_and_index] Upserted batch 113 (32 vectors)","chan":"stdout","logger":"task"}
{"timestamp":"2025-07-04T02:52:13.848249Z","level":"info","event":"[process_and_index] Upserted batch 114 (32 vectors)","chan":"stdout","logger":"task"}
{"timestamp":"2025-07-04T02:52:15.601785Z","level":"info","event":"[process_and_index] Upserted batch 115 (32 vectors)","chan":"stdout","logger":"task"}
{"timestamp":"2025-07-04T02:52:17.465255Z","level":"info","event":"[process_and_index] Upserted batch 116 (32 vectors)","chan":"stdout","logger":"task"}
{"timestamp":"2025-07-04T02:52:18.957566Z","level":"info","event":"[process_and_index] Upserted batch 117 (32 vectors)","chan":"stdout","logger":"task"}
{"timestamp":"2025-07-04T02:52:20.456261Z","level":"info","event":"[process_and_index] Upserted batch 118 (32 vectors)","chan":"stdout","logger":"task"}
{"timestamp":"2025-07-04T02:52:22.453645Z","level":"info","event":"[process_and_index] Upserted batch 119 (32 vectors)","chan":"stdout","logger":"task"}
{"timestamp":"2025-07-04T02:52:24.465368Z","level":"info","event":"[process_and_index] Upserted batch 120 (32 vectors)","chan":"stdout","logger":"task"}
{"timestamp":"2025-07-04T02:52:26.543244Z","level":"info","event":"[process_and_index] Upserted batch 121 (32 vectors)","chan":"stdout","logger":"task"}
{"timestamp":"2025-07-04T02:52:28.450517Z","level":"info","event":"[process_and_index] Upserted batch 122 (32 vectors)","chan":"stdout","logger":"task"}
{"timestamp":"2025-07-04T02:52:30.069768Z","level":"info","event":"[process_and_index] Upserted batch 123 (32 vectors)","chan":"stdout","logger":"task"}
{"timestamp":"2025-07-04T02:52:31.570761Z","level":"info","event":"[process_and_index] Upserted batch 124 (32 vectors)","chan":"stdout","logger":"task"}
{"timestamp":"2025-07-04T02:52:33.303343Z","level":"info","event":"[process_and_index] Upserted batch 125 (32 vectors)","chan":"stdout","logger":"task"}
{"timestamp":"2025-07-04T02:52:34.938215Z","level":"info","event":"[process_and_index] Upserted batch 126 (32 vectors)","chan":"stdout","logger":"task"}
{"timestamp":"2025-07-04T02:52:36.669107Z","level":"info","event":"[process_and_index] Upserted batch 127 (32 vectors)","chan":"stdout","logger":"task"}
{"timestamp":"2025-07-04T02:52:38.647423Z","level":"info","event":"[process_and_index] Upserted batch 128 (32 vectors)","chan":"stdout","logger":"task"}
{"timestamp":"2025-07-04T02:52:40.356694Z","level":"info","event":"[process_and_index] Upserted batch 129 (32 vectors)","chan":"stdout","logger":"task"}
{"timestamp":"2025-07-04T02:52:42.249194Z","level":"info","event":"[process_and_index] Upserted batch 130 (32 vectors)","chan":"stdout","logger":"task"}
{"timestamp":"2025-07-04T02:52:44.066402Z","level":"info","event":"[process_and_index] Upserted batch 131 (32 vectors)","chan":"stdout","logger":"task"}
{"timestamp":"2025-07-04T02:52:46.075755Z","level":"info","event":"[process_and_index] Upserted batch 132 (32 vectors)","chan":"stdout","logger":"task"}
{"timestamp":"2025-07-04T02:52:47.978589Z","level":"info","event":"[process_and_index] Upserted batch 133 (32 vectors)","chan":"stdout","logger":"task"}
{"timestamp":"2025-07-04T02:52:50.929752Z","level":"info","event":"[process_and_index] Upserted batch 134 (32 vectors)","chan":"stdout","logger":"task"}
{"timestamp":"2025-07-04T02:52:53.917193Z","level":"info","event":"[process_and_index] Upserted batch 135 (32 vectors)","chan":"stdout","logger":"task"}
{"timestamp":"2025-07-04T02:52:56.572965Z","level":"info","event":"[process_and_index] Upserted batch 136 (32 vectors)","chan":"stdout","logger":"task"}
{"timestamp":"2025-07-04T02:52:59.575559Z","level":"info","event":"[process_and_index] Upserted batch 137 (32 vectors)","chan":"stdout","logger":"task"}
{"timestamp":"2025-07-04T02:53:01.872924Z","level":"info","event":"[process_and_index] Upserted batch 138 (32 vectors)","chan":"stdout","logger":"task"}
{"timestamp":"2025-07-04T02:53:04.296998Z","level":"info","event":"[process_and_index] Upserted batch 139 (32 vectors)","chan":"stdout","logger":"task"}
{"timestamp":"2025-07-04T02:53:06.716015Z","level":"info","event":"[process_and_index] Upserted batch 140 (32 vectors)","chan":"stdout","logger":"task"}
{"timestamp":"2025-07-04T02:53:09.455246Z","level":"info","event":"[process_and_index] Upserted batch 141 (32 vectors)","chan":"stdout","logger":"task"}
{"timestamp":"2025-07-04T02:53:11.937460Z","level":"info","event":"[process_and_index] Upserted batch 142 (32 vectors)","chan":"stdout","logger":"task"}
{"timestamp":"2025-07-04T02:53:14.562908Z","level":"info","event":"[process_and_index] Upserted batch 143 (32 vectors)","chan":"stdout","logger":"task"}
{"timestamp":"2025-07-04T02:53:16.304260Z","level":"info","event":"[process_and_index] Upserted batch 144 (32 vectors)","chan":"stdout","logger":"task"}
{"timestamp":"2025-07-04T02:53:17.008852Z","level":"info","event":"[process_and_index] Upserted batch 145 (10 vectors)","chan":"stdout","logger":"task"}
{"timestamp":"2025-07-04T02:53:17.009044Z","level":"info","event":"[process_and_index] Upserted total 4618 vectors for document 1","chan":"stdout","logger":"task"}
{"timestamp":"2025-07-04T02:53:17.046524Z","level":"info","event":"[process_and_index] Completed indexing all documents.","chan":"stdout","logger":"task"}
{"timestamp":"2025-07-04T02:53:17.055843","level":"info","event":"Done. Returned value was: None","logger":"airflow.task.operators.airflow.providers.standard.decorators.python._PythonDecoratedOperator"}
