{"timestamp":"2025-07-03T23:57:40.910472","level":"info","event":"DAG bundles loaded: dags-folder","logger":"airflow.dag_processing.bundles.manager.DagBundlesManager"}
{"timestamp":"2025-07-03T23:57:40.910889","level":"info","event":"Filling up the DagBag from /opt/airflow/dags/sec_filings_indexer_dag.py","logger":"airflow.models.dagbag.DagBag"}
{"timestamp":"2025-07-03T23:57:43.525971Z","level":"info","event":"[process_and_index] Starting indexing of 1 filings...","chan":"stdout","logger":"task"}
{"timestamp":"2025-07-03T23:57:43.755752Z","level":"info","event":"[process_and_index] Doc 1/1: processing https://www.sec.gov/Archives/edgar/data/320193/000032019324000123/aapl-20240928.htm","chan":"stdout","logger":"task"}
{"timestamp":"2025-07-03T23:57:47.664097Z","level":"info","event":"[process_and_index] 4618 chunks generated for document 1","chan":"stdout","logger":"task"}
{"timestamp":"2025-07-03T23:57:47.672029","level":"info","event":"Use pytorch device_name: cpu","logger":"sentence_transformers.SentenceTransformer"}
{"timestamp":"2025-07-03T23:57:47.672405","level":"info","event":"Load pretrained SentenceTransformer: all-MiniLM-L6-v2","logger":"sentence_transformers.SentenceTransformer"}
{"timestamp":"2025-07-03T23:57:59.232605","level":"info","event":"Anonymized telemetry enabled. See                     https://docs.trychroma.com/telemetry for more information.","logger":"chromadb.telemetry.product.posthog"}
{"timestamp":"2025-07-03T23:57:59.461076Z","level":"info","event":"[process_and_index] Upserted batch 1 (32 vectors)","chan":"stdout","logger":"task"}
{"timestamp":"2025-07-03T23:58:00.398458Z","level":"info","event":"[process_and_index] Upserted batch 2 (32 vectors)","chan":"stdout","logger":"task"}
{"timestamp":"2025-07-03T23:58:01.698913Z","level":"info","event":"[process_and_index] Upserted batch 3 (32 vectors)","chan":"stdout","logger":"task"}
{"timestamp":"2025-07-03T23:58:03.103396Z","level":"info","event":"[process_and_index] Upserted batch 4 (32 vectors)","chan":"stdout","logger":"task"}
{"timestamp":"2025-07-03T23:58:04.155921Z","level":"info","event":"[process_and_index] Upserted batch 5 (32 vectors)","chan":"stdout","logger":"task"}
{"timestamp":"2025-07-03T23:58:05.244866Z","level":"info","event":"[process_and_index] Upserted batch 6 (32 vectors)","chan":"stdout","logger":"task"}
{"timestamp":"2025-07-03T23:58:06.068189Z","level":"info","event":"[process_and_index] Upserted batch 7 (32 vectors)","chan":"stdout","logger":"task"}
{"timestamp":"2025-07-03T23:58:06.912746Z","level":"info","event":"[process_and_index] Upserted batch 8 (32 vectors)","chan":"stdout","logger":"task"}
{"timestamp":"2025-07-03T23:58:07.961830Z","level":"info","event":"[process_and_index] Upserted batch 9 (32 vectors)","chan":"stdout","logger":"task"}
{"timestamp":"2025-07-03T23:58:09.049552Z","level":"info","event":"[process_and_index] Upserted batch 10 (32 vectors)","chan":"stdout","logger":"task"}
{"timestamp":"2025-07-03T23:58:10.012717Z","level":"info","event":"[process_and_index] Upserted batch 11 (32 vectors)","chan":"stdout","logger":"task"}
{"timestamp":"2025-07-03T23:58:10.999993Z","level":"info","event":"[process_and_index] Upserted batch 12 (32 vectors)","chan":"stdout","logger":"task"}
{"timestamp":"2025-07-03T23:58:11.726096Z","level":"info","event":"[process_and_index] Upserted batch 13 (32 vectors)","chan":"stdout","logger":"task"}
{"timestamp":"2025-07-03T23:58:12.441838Z","level":"info","event":"[process_and_index] Upserted batch 14 (32 vectors)","chan":"stdout","logger":"task"}
{"timestamp":"2025-07-03T23:58:13.149095Z","level":"info","event":"[process_and_index] Upserted batch 15 (32 vectors)","chan":"stdout","logger":"task"}
{"timestamp":"2025-07-03T23:58:13.933738Z","level":"info","event":"[process_and_index] Upserted batch 16 (32 vectors)","chan":"stdout","logger":"task"}
{"timestamp":"2025-07-03T23:58:14.695759Z","level":"info","event":"[process_and_index] Upserted batch 17 (32 vectors)","chan":"stdout","logger":"task"}
{"timestamp":"2025-07-03T23:58:15.462851Z","level":"info","event":"[process_and_index] Upserted batch 18 (32 vectors)","chan":"stdout","logger":"task"}
{"timestamp":"2025-07-03T23:58:16.279019Z","level":"info","event":"[process_and_index] Upserted batch 19 (32 vectors)","chan":"stdout","logger":"task"}
{"timestamp":"2025-07-03T23:58:17.143480Z","level":"info","event":"[process_and_index] Upserted batch 20 (32 vectors)","chan":"stdout","logger":"task"}
{"timestamp":"2025-07-03T23:58:17.948166Z","level":"info","event":"[process_and_index] Upserted batch 21 (32 vectors)","chan":"stdout","logger":"task"}
{"timestamp":"2025-07-03T23:58:18.684484Z","level":"info","event":"[process_and_index] Upserted batch 22 (32 vectors)","chan":"stdout","logger":"task"}
{"timestamp":"2025-07-03T23:58:19.467845Z","level":"info","event":"[process_and_index] Upserted batch 23 (32 vectors)","chan":"stdout","logger":"task"}
{"timestamp":"2025-07-03T23:58:20.269796Z","level":"info","event":"[process_and_index] Upserted batch 24 (32 vectors)","chan":"stdout","logger":"task"}
{"timestamp":"2025-07-03T23:58:21.063431Z","level":"info","event":"[process_and_index] Upserted batch 25 (32 vectors)","chan":"stdout","logger":"task"}
{"timestamp":"2025-07-03T23:58:21.841448Z","level":"info","event":"[process_and_index] Upserted batch 26 (32 vectors)","chan":"stdout","logger":"task"}
{"timestamp":"2025-07-03T23:58:22.658433Z","level":"info","event":"[process_and_index] Upserted batch 27 (32 vectors)","chan":"stdout","logger":"task"}
{"timestamp":"2025-07-03T23:58:23.534427Z","level":"info","event":"[process_and_index] Upserted batch 28 (32 vectors)","chan":"stdout","logger":"task"}
{"timestamp":"2025-07-03T23:58:24.393099Z","level":"info","event":"[process_and_index] Upserted batch 29 (32 vectors)","chan":"stdout","logger":"task"}
{"timestamp":"2025-07-03T23:58:25.750512Z","level":"info","event":"[process_and_index] Upserted batch 30 (32 vectors)","chan":"stdout","logger":"task"}
{"timestamp":"2025-07-03T23:58:26.908788Z","level":"info","event":"[process_and_index] Upserted batch 31 (32 vectors)","chan":"stdout","logger":"task"}
{"timestamp":"2025-07-03T23:58:27.821780Z","level":"info","event":"[process_and_index] Upserted batch 32 (32 vectors)","chan":"stdout","logger":"task"}
{"timestamp":"2025-07-03T23:58:28.616334Z","level":"info","event":"[process_and_index] Upserted batch 33 (32 vectors)","chan":"stdout","logger":"task"}
{"timestamp":"2025-07-03T23:58:29.487556Z","level":"info","event":"[process_and_index] Upserted batch 34 (32 vectors)","chan":"stdout","logger":"task"}
{"timestamp":"2025-07-03T23:58:30.381387Z","level":"info","event":"[process_and_index] Upserted batch 35 (32 vectors)","chan":"stdout","logger":"task"}
{"timestamp":"2025-07-03T23:58:31.439833Z","level":"info","event":"[process_and_index] Upserted batch 36 (32 vectors)","chan":"stdout","logger":"task"}
{"timestamp":"2025-07-03T23:58:32.461899Z","level":"info","event":"[process_and_index] Upserted batch 37 (32 vectors)","chan":"stdout","logger":"task"}
{"timestamp":"2025-07-03T23:58:33.677900Z","level":"info","event":"[process_and_index] Upserted batch 38 (32 vectors)","chan":"stdout","logger":"task"}
{"timestamp":"2025-07-03T23:58:35.117941Z","level":"info","event":"[process_and_index] Upserted batch 39 (32 vectors)","chan":"stdout","logger":"task"}
{"timestamp":"2025-07-03T23:58:36.964394Z","level":"info","event":"[process_and_index] Upserted batch 40 (32 vectors)","chan":"stdout","logger":"task"}
{"timestamp":"2025-07-03T23:58:38.359984Z","level":"info","event":"[process_and_index] Upserted batch 41 (32 vectors)","chan":"stdout","logger":"task"}
{"timestamp":"2025-07-03T23:58:39.796309Z","level":"info","event":"[process_and_index] Upserted batch 42 (32 vectors)","chan":"stdout","logger":"task"}
{"timestamp":"2025-07-03T23:58:41.111192Z","level":"info","event":"[process_and_index] Upserted batch 43 (32 vectors)","chan":"stdout","logger":"task"}
{"timestamp":"2025-07-03T23:58:43.290322Z","level":"info","event":"[process_and_index] Upserted batch 44 (32 vectors)","chan":"stdout","logger":"task"}
{"timestamp":"2025-07-03T23:58:46.024582Z","level":"info","event":"[process_and_index] Upserted batch 45 (32 vectors)","chan":"stdout","logger":"task"}
{"timestamp":"2025-07-03T23:58:48.334295Z","level":"info","event":"[process_and_index] Upserted batch 46 (32 vectors)","chan":"stdout","logger":"task"}
{"timestamp":"2025-07-03T23:58:50.119173Z","level":"info","event":"[process_and_index] Upserted batch 47 (32 vectors)","chan":"stdout","logger":"task"}
{"timestamp":"2025-07-03T23:58:52.256432Z","level":"info","event":"[process_and_index] Upserted batch 48 (32 vectors)","chan":"stdout","logger":"task"}
{"timestamp":"2025-07-03T23:58:54.237166Z","level":"info","event":"[process_and_index] Upserted batch 49 (32 vectors)","chan":"stdout","logger":"task"}
{"timestamp":"2025-07-03T23:58:55.939770Z","level":"info","event":"[process_and_index] Upserted batch 50 (32 vectors)","chan":"stdout","logger":"task"}
{"timestamp":"2025-07-03T23:58:57.680590Z","level":"info","event":"[process_and_index] Upserted batch 51 (32 vectors)","chan":"stdout","logger":"task"}
{"timestamp":"2025-07-03T23:58:59.500350Z","level":"info","event":"[process_and_index] Upserted batch 52 (32 vectors)","chan":"stdout","logger":"task"}
{"timestamp":"2025-07-03T23:59:01.579785Z","level":"info","event":"[process_and_index] Upserted batch 53 (32 vectors)","chan":"stdout","logger":"task"}
{"timestamp":"2025-07-03T23:59:03.504957Z","level":"info","event":"[process_and_index] Upserted batch 54 (32 vectors)","chan":"stdout","logger":"task"}
{"timestamp":"2025-07-03T23:59:05.575574Z","level":"info","event":"[process_and_index] Upserted batch 55 (32 vectors)","chan":"stdout","logger":"task"}
{"timestamp":"2025-07-03T23:59:07.889715Z","level":"info","event":"[process_and_index] Upserted batch 56 (32 vectors)","chan":"stdout","logger":"task"}
{"timestamp":"2025-07-03T23:59:10.939152Z","level":"info","event":"[process_and_index] Upserted batch 57 (32 vectors)","chan":"stdout","logger":"task"}
{"timestamp":"2025-07-03T23:59:13.026306Z","level":"info","event":"[process_and_index] Upserted batch 58 (32 vectors)","chan":"stdout","logger":"task"}
{"timestamp":"2025-07-03T23:59:14.966591Z","level":"info","event":"[process_and_index] Upserted batch 59 (32 vectors)","chan":"stdout","logger":"task"}
{"timestamp":"2025-07-03T23:59:17.338987Z","level":"info","event":"[process_and_index] Upserted batch 60 (32 vectors)","chan":"stdout","logger":"task"}
{"timestamp":"2025-07-03T23:59:20.924330Z","level":"info","event":"[process_and_index] Upserted batch 61 (32 vectors)","chan":"stdout","logger":"task"}
{"timestamp":"2025-07-03T23:59:23.425771Z","level":"info","event":"[process_and_index] Upserted batch 62 (32 vectors)","chan":"stdout","logger":"task"}
{"timestamp":"2025-07-03T23:59:25.731951Z","level":"info","event":"[process_and_index] Upserted batch 63 (32 vectors)","chan":"stdout","logger":"task"}
{"timestamp":"2025-07-03T23:59:28.357911Z","level":"info","event":"[process_and_index] Upserted batch 64 (32 vectors)","chan":"stdout","logger":"task"}
{"timestamp":"2025-07-03T23:59:29.952771Z","level":"info","event":"[process_and_index] Upserted batch 65 (32 vectors)","chan":"stdout","logger":"task"}
{"timestamp":"2025-07-03T23:59:31.749627Z","level":"info","event":"[process_and_index] Upserted batch 66 (32 vectors)","chan":"stdout","logger":"task"}
{"timestamp":"2025-07-03T23:59:33.190802Z","level":"info","event":"[process_and_index] Upserted batch 67 (32 vectors)","chan":"stdout","logger":"task"}
{"timestamp":"2025-07-03T23:59:34.980915Z","level":"info","event":"[process_and_index] Upserted batch 68 (32 vectors)","chan":"stdout","logger":"task"}
{"timestamp":"2025-07-03T23:59:36.881005Z","level":"info","event":"[process_and_index] Upserted batch 69 (32 vectors)","chan":"stdout","logger":"task"}
{"timestamp":"2025-07-03T23:59:38.655034Z","level":"info","event":"[process_and_index] Upserted batch 70 (32 vectors)","chan":"stdout","logger":"task"}
{"timestamp":"2025-07-03T23:59:40.338956Z","level":"info","event":"[process_and_index] Upserted batch 71 (32 vectors)","chan":"stdout","logger":"task"}
{"timestamp":"2025-07-03T23:59:42.491616Z","level":"info","event":"[process_and_index] Upserted batch 72 (32 vectors)","chan":"stdout","logger":"task"}
{"timestamp":"2025-07-03T23:59:45.269691Z","level":"info","event":"[process_and_index] Upserted batch 73 (32 vectors)","chan":"stdout","logger":"task"}
{"timestamp":"2025-07-03T23:59:47.134386Z","level":"info","event":"[process_and_index] Upserted batch 74 (32 vectors)","chan":"stdout","logger":"task"}
{"timestamp":"2025-07-03T23:59:48.716465Z","level":"info","event":"[process_and_index] Upserted batch 75 (32 vectors)","chan":"stdout","logger":"task"}
{"timestamp":"2025-07-03T23:59:50.591533Z","level":"info","event":"[process_and_index] Upserted batch 76 (32 vectors)","chan":"stdout","logger":"task"}
{"timestamp":"2025-07-03T23:59:52.435673Z","level":"info","event":"[process_and_index] Upserted batch 77 (32 vectors)","chan":"stdout","logger":"task"}
{"timestamp":"2025-07-03T23:59:54.923042Z","level":"info","event":"[process_and_index] Upserted batch 78 (32 vectors)","chan":"stdout","logger":"task"}
{"timestamp":"2025-07-03T23:59:57.930579Z","level":"info","event":"[process_and_index] Upserted batch 79 (32 vectors)","chan":"stdout","logger":"task"}
{"timestamp":"2025-07-04T00:00:00.612278Z","level":"info","event":"[process_and_index] Upserted batch 80 (32 vectors)","chan":"stdout","logger":"task"}
{"timestamp":"2025-07-04T00:00:02.637564Z","level":"info","event":"[process_and_index] Upserted batch 81 (32 vectors)","chan":"stdout","logger":"task"}
{"timestamp":"2025-07-04T00:00:04.642660Z","level":"info","event":"[process_and_index] Upserted batch 82 (32 vectors)","chan":"stdout","logger":"task"}
{"timestamp":"2025-07-04T00:00:06.828111Z","level":"info","event":"[process_and_index] Upserted batch 83 (32 vectors)","chan":"stdout","logger":"task"}
{"timestamp":"2025-07-04T00:00:09.646078Z","level":"info","event":"[process_and_index] Upserted batch 84 (32 vectors)","chan":"stdout","logger":"task"}
{"timestamp":"2025-07-04T00:00:12.376943Z","level":"info","event":"[process_and_index] Upserted batch 85 (32 vectors)","chan":"stdout","logger":"task"}
{"timestamp":"2025-07-04T00:00:14.635919Z","level":"info","event":"[process_and_index] Upserted batch 86 (32 vectors)","chan":"stdout","logger":"task"}
{"timestamp":"2025-07-04T00:00:17.293216Z","level":"info","event":"[process_and_index] Upserted batch 87 (32 vectors)","chan":"stdout","logger":"task"}
{"timestamp":"2025-07-04T00:00:19.948510Z","level":"info","event":"[process_and_index] Upserted batch 88 (32 vectors)","chan":"stdout","logger":"task"}
{"timestamp":"2025-07-04T00:00:22.443461Z","level":"info","event":"[process_and_index] Upserted batch 89 (32 vectors)","chan":"stdout","logger":"task"}
{"timestamp":"2025-07-04T00:00:24.826432Z","level":"info","event":"[process_and_index] Upserted batch 90 (32 vectors)","chan":"stdout","logger":"task"}
{"timestamp":"2025-07-04T00:00:27.672478Z","level":"info","event":"[process_and_index] Upserted batch 91 (32 vectors)","chan":"stdout","logger":"task"}
{"timestamp":"2025-07-04T00:00:30.784128Z","level":"info","event":"[process_and_index] Upserted batch 92 (32 vectors)","chan":"stdout","logger":"task"}
{"timestamp":"2025-07-04T00:00:34.689055Z","level":"info","event":"[process_and_index] Upserted batch 93 (32 vectors)","chan":"stdout","logger":"task"}
{"timestamp":"2025-07-04T00:00:38.800747Z","level":"info","event":"[process_and_index] Upserted batch 94 (32 vectors)","chan":"stdout","logger":"task"}
{"timestamp":"2025-07-04T00:00:41.401015Z","level":"info","event":"[process_and_index] Upserted batch 95 (32 vectors)","chan":"stdout","logger":"task"}
{"timestamp":"2025-07-04T00:00:43.868105Z","level":"info","event":"[process_and_index] Upserted batch 96 (32 vectors)","chan":"stdout","logger":"task"}
{"timestamp":"2025-07-04T00:00:45.542829Z","level":"info","event":"[process_and_index] Upserted batch 97 (32 vectors)","chan":"stdout","logger":"task"}
{"timestamp":"2025-07-04T00:00:47.315763Z","level":"info","event":"[process_and_index] Upserted batch 98 (32 vectors)","chan":"stdout","logger":"task"}
{"timestamp":"2025-07-04T00:00:49.091871Z","level":"info","event":"[process_and_index] Upserted batch 99 (32 vectors)","chan":"stdout","logger":"task"}
{"timestamp":"2025-07-04T00:00:51.355272Z","level":"info","event":"[process_and_index] Upserted batch 100 (32 vectors)","chan":"stdout","logger":"task"}
{"timestamp":"2025-07-04T00:00:53.441782Z","level":"info","event":"[process_and_index] Upserted batch 101 (32 vectors)","chan":"stdout","logger":"task"}
{"timestamp":"2025-07-04T00:00:55.533886Z","level":"info","event":"[process_and_index] Upserted batch 102 (32 vectors)","chan":"stdout","logger":"task"}
{"timestamp":"2025-07-04T00:00:57.442141Z","level":"info","event":"[process_and_index] Upserted batch 103 (32 vectors)","chan":"stdout","logger":"task"}
{"timestamp":"2025-07-04T00:00:59.459990Z","level":"info","event":"[process_and_index] Upserted batch 104 (32 vectors)","chan":"stdout","logger":"task"}
{"timestamp":"2025-07-04T00:01:01.751434Z","level":"info","event":"[process_and_index] Upserted batch 105 (32 vectors)","chan":"stdout","logger":"task"}
{"timestamp":"2025-07-04T00:01:03.895184Z","level":"info","event":"[process_and_index] Upserted batch 106 (32 vectors)","chan":"stdout","logger":"task"}
{"timestamp":"2025-07-04T00:01:05.808049Z","level":"info","event":"[process_and_index] Upserted batch 107 (32 vectors)","chan":"stdout","logger":"task"}
{"timestamp":"2025-07-04T00:01:08.557979Z","level":"info","event":"[process_and_index] Upserted batch 108 (32 vectors)","chan":"stdout","logger":"task"}
{"timestamp":"2025-07-04T00:01:12.055506Z","level":"info","event":"[process_and_index] Upserted batch 109 (32 vectors)","chan":"stdout","logger":"task"}
{"timestamp":"2025-07-04T00:01:14.582097Z","level":"info","event":"[process_and_index] Upserted batch 110 (32 vectors)","chan":"stdout","logger":"task"}
{"timestamp":"2025-07-04T00:01:16.860725Z","level":"info","event":"[process_and_index] Upserted batch 111 (32 vectors)","chan":"stdout","logger":"task"}
{"timestamp":"2025-07-04T00:01:19.119551Z","level":"info","event":"[process_and_index] Upserted batch 112 (32 vectors)","chan":"stdout","logger":"task"}
{"timestamp":"2025-07-04T00:01:21.376096Z","level":"info","event":"[process_and_index] Upserted batch 113 (32 vectors)","chan":"stdout","logger":"task"}
{"timestamp":"2025-07-04T00:01:24.053408Z","level":"info","event":"[process_and_index] Upserted batch 114 (32 vectors)","chan":"stdout","logger":"task"}
{"timestamp":"2025-07-04T00:01:27.193393Z","level":"info","event":"[process_and_index] Upserted batch 115 (32 vectors)","chan":"stdout","logger":"task"}
{"timestamp":"2025-07-04T00:01:30.310569Z","level":"info","event":"[process_and_index] Upserted batch 116 (32 vectors)","chan":"stdout","logger":"task"}
{"timestamp":"2025-07-04T00:01:32.769939Z","level":"info","event":"[process_and_index] Upserted batch 117 (32 vectors)","chan":"stdout","logger":"task"}
{"timestamp":"2025-07-04T00:01:35.161362Z","level":"info","event":"[process_and_index] Upserted batch 118 (32 vectors)","chan":"stdout","logger":"task"}
{"timestamp":"2025-07-04T00:01:37.788206Z","level":"info","event":"[process_and_index] Upserted batch 119 (32 vectors)","chan":"stdout","logger":"task"}
{"timestamp":"2025-07-04T00:01:40.553588Z","level":"info","event":"[process_and_index] Upserted batch 120 (32 vectors)","chan":"stdout","logger":"task"}
{"timestamp":"2025-07-04T00:01:43.717888Z","level":"info","event":"[process_and_index] Upserted batch 121 (32 vectors)","chan":"stdout","logger":"task"}
{"timestamp":"2025-07-04T00:01:47.932160Z","level":"info","event":"[process_and_index] Upserted batch 122 (32 vectors)","chan":"stdout","logger":"task"}
{"timestamp":"2025-07-04T00:01:51.959404Z","level":"info","event":"[process_and_index] Upserted batch 123 (32 vectors)","chan":"stdout","logger":"task"}
{"timestamp":"2025-07-04T00:01:55.902203Z","level":"info","event":"[process_and_index] Upserted batch 124 (32 vectors)","chan":"stdout","logger":"task"}
{"timestamp":"2025-07-04T00:01:59.557744Z","level":"info","event":"[process_and_index] Upserted batch 125 (32 vectors)","chan":"stdout","logger":"task"}
{"timestamp":"2025-07-04T00:02:02.541479Z","level":"info","event":"[process_and_index] Upserted batch 126 (32 vectors)","chan":"stdout","logger":"task"}
{"timestamp":"2025-07-04T00:02:05.534785Z","level":"info","event":"[process_and_index] Upserted batch 127 (32 vectors)","chan":"stdout","logger":"task"}
{"timestamp":"2025-07-04T00:02:08.513741Z","level":"info","event":"[process_and_index] Upserted batch 128 (32 vectors)","chan":"stdout","logger":"task"}
{"timestamp":"2025-07-04T00:02:10.577286Z","level":"info","event":"[process_and_index] Upserted batch 129 (32 vectors)","chan":"stdout","logger":"task"}
{"timestamp":"2025-07-04T00:02:12.576553Z","level":"info","event":"[process_and_index] Upserted batch 130 (32 vectors)","chan":"stdout","logger":"task"}
{"timestamp":"2025-07-04T00:02:14.378221Z","level":"info","event":"[process_and_index] Upserted batch 131 (32 vectors)","chan":"stdout","logger":"task"}
{"timestamp":"2025-07-04T00:02:16.903612Z","level":"info","event":"[process_and_index] Upserted batch 132 (32 vectors)","chan":"stdout","logger":"task"}
{"timestamp":"2025-07-04T00:02:19.833300Z","level":"info","event":"[process_and_index] Upserted batch 133 (32 vectors)","chan":"stdout","logger":"task"}
{"timestamp":"2025-07-04T00:02:22.965252Z","level":"info","event":"[process_and_index] Upserted batch 134 (32 vectors)","chan":"stdout","logger":"task"}
{"timestamp":"2025-07-04T00:02:25.863512Z","level":"info","event":"[process_and_index] Upserted batch 135 (32 vectors)","chan":"stdout","logger":"task"}
{"timestamp":"2025-07-04T00:02:28.604519Z","level":"info","event":"[process_and_index] Upserted batch 136 (32 vectors)","chan":"stdout","logger":"task"}
{"timestamp":"2025-07-04T00:02:31.327336Z","level":"info","event":"[process_and_index] Upserted batch 137 (32 vectors)","chan":"stdout","logger":"task"}
{"timestamp":"2025-07-04T00:02:33.732028Z","level":"info","event":"[process_and_index] Upserted batch 138 (32 vectors)","chan":"stdout","logger":"task"}
{"timestamp":"2025-07-04T00:02:36.316659Z","level":"info","event":"[process_and_index] Upserted batch 139 (32 vectors)","chan":"stdout","logger":"task"}
{"timestamp":"2025-07-04T00:02:38.815795Z","level":"info","event":"[process_and_index] Upserted batch 140 (32 vectors)","chan":"stdout","logger":"task"}
{"timestamp":"2025-07-04T00:02:41.800181Z","level":"info","event":"[process_and_index] Upserted batch 141 (32 vectors)","chan":"stdout","logger":"task"}
{"timestamp":"2025-07-04T00:02:44.520163Z","level":"info","event":"[process_and_index] Upserted batch 142 (32 vectors)","chan":"stdout","logger":"task"}
{"timestamp":"2025-07-04T00:02:47.851436Z","level":"info","event":"[process_and_index] Upserted batch 143 (32 vectors)","chan":"stdout","logger":"task"}
{"timestamp":"2025-07-04T00:02:50.427354Z","level":"info","event":"[process_and_index] Upserted batch 144 (32 vectors)","chan":"stdout","logger":"task"}
{"timestamp":"2025-07-04T00:02:51.516073Z","level":"info","event":"[process_and_index] Upserted batch 145 (10 vectors)","chan":"stdout","logger":"task"}
{"timestamp":"2025-07-04T00:02:51.516223Z","level":"info","event":"[process_and_index] Upserted total 4618 vectors for document 1","chan":"stdout","logger":"task"}
{"timestamp":"2025-07-04T00:02:51.517748Z","level":"info","event":"[process_and_index] Completed indexing all documents.","chan":"stdout","logger":"task"}
{"timestamp":"2025-07-04T00:02:51.588406","level":"info","event":"Done. Returned value was: None","logger":"airflow.task.operators.airflow.providers.standard.decorators.python._PythonDecoratedOperator"}
