{"timestamp":"2025-07-04T02:44:04.371909","level":"info","event":"DAG bundles loaded: dags-folder","logger":"airflow.dag_processing.bundles.manager.DagBundlesManager"}
{"timestamp":"2025-07-04T02:44:04.372386","level":"info","event":"Filling up the DagBag from /opt/airflow/dags/sec_filings_indexer_dag.py","logger":"airflow.models.dagbag.DagBag"}
{"timestamp":"2025-07-04T02:44:06.831293Z","level":"info","event":"[process_and_index] Starting indexing of 1 filings...","chan":"stdout","logger":"task"}
{"timestamp":"2025-07-04T02:44:07.035646Z","level":"info","event":"[process_and_index] Doc 1/1: processing https://www.sec.gov/Archives/edgar/data/320193/000032019324000123/aapl-20240928.htm","chan":"stdout","logger":"task"}
{"timestamp":"2025-07-04T02:44:08.976109Z","level":"info","event":"[process_and_index] 4618 chunks generated for document 1","chan":"stdout","logger":"task"}
{"timestamp":"2025-07-04T02:44:08.978847","level":"info","event":"Use pytorch device_name: cpu","logger":"sentence_transformers.SentenceTransformer"}
{"timestamp":"2025-07-04T02:44:08.979058","level":"info","event":"Load pretrained SentenceTransformer: all-MiniLM-L6-v2","logger":"sentence_transformers.SentenceTransformer"}
{"timestamp":"2025-07-04T02:44:12.766984","level":"info","event":"Anonymized telemetry enabled. See                     https://docs.trychroma.com/telemetry for more information.","logger":"chromadb.telemetry.product.posthog"}
{"timestamp":"2025-07-04T02:44:12.997631Z","level":"info","event":"[process_and_index] Upserted batch 1 (32 vectors)","chan":"stdout","logger":"task"}
{"timestamp":"2025-07-04T02:44:13.883707Z","level":"info","event":"[process_and_index] Upserted batch 2 (32 vectors)","chan":"stdout","logger":"task"}
{"timestamp":"2025-07-04T02:44:14.768674Z","level":"info","event":"[process_and_index] Upserted batch 3 (32 vectors)","chan":"stdout","logger":"task"}
{"timestamp":"2025-07-04T02:44:15.958746Z","level":"info","event":"[process_and_index] Upserted batch 4 (32 vectors)","chan":"stdout","logger":"task"}
{"timestamp":"2025-07-04T02:44:16.903658Z","level":"info","event":"[process_and_index] Upserted batch 5 (32 vectors)","chan":"stdout","logger":"task"}
{"timestamp":"2025-07-04T02:44:17.979270Z","level":"info","event":"[process_and_index] Upserted batch 6 (32 vectors)","chan":"stdout","logger":"task"}
{"timestamp":"2025-07-04T02:44:19.136605Z","level":"info","event":"[process_and_index] Upserted batch 7 (32 vectors)","chan":"stdout","logger":"task"}
{"timestamp":"2025-07-04T02:44:19.981622Z","level":"info","event":"[process_and_index] Upserted batch 8 (32 vectors)","chan":"stdout","logger":"task"}
{"timestamp":"2025-07-04T02:44:20.650444Z","level":"info","event":"[process_and_index] Upserted batch 9 (32 vectors)","chan":"stdout","logger":"task"}
{"timestamp":"2025-07-04T02:44:21.394013Z","level":"info","event":"[process_and_index] Upserted batch 10 (32 vectors)","chan":"stdout","logger":"task"}
{"timestamp":"2025-07-04T02:44:22.066712Z","level":"info","event":"[process_and_index] Upserted batch 11 (32 vectors)","chan":"stdout","logger":"task"}
{"timestamp":"2025-07-04T02:44:22.774019Z","level":"info","event":"[process_and_index] Upserted batch 12 (32 vectors)","chan":"stdout","logger":"task"}
{"timestamp":"2025-07-04T02:44:23.450136Z","level":"info","event":"[process_and_index] Upserted batch 13 (32 vectors)","chan":"stdout","logger":"task"}
{"timestamp":"2025-07-04T02:44:24.212566Z","level":"info","event":"[process_and_index] Upserted batch 14 (32 vectors)","chan":"stdout","logger":"task"}
{"timestamp":"2025-07-04T02:44:24.891753Z","level":"info","event":"[process_and_index] Upserted batch 15 (32 vectors)","chan":"stdout","logger":"task"}
{"timestamp":"2025-07-04T02:44:25.604595Z","level":"info","event":"[process_and_index] Upserted batch 16 (32 vectors)","chan":"stdout","logger":"task"}
{"timestamp":"2025-07-04T02:44:26.330663Z","level":"info","event":"[process_and_index] Upserted batch 17 (32 vectors)","chan":"stdout","logger":"task"}
{"timestamp":"2025-07-04T02:44:27.023650Z","level":"info","event":"[process_and_index] Upserted batch 18 (32 vectors)","chan":"stdout","logger":"task"}
{"timestamp":"2025-07-04T02:44:27.756656Z","level":"info","event":"[process_and_index] Upserted batch 19 (32 vectors)","chan":"stdout","logger":"task"}
{"timestamp":"2025-07-04T02:44:28.555143Z","level":"info","event":"[process_and_index] Upserted batch 20 (32 vectors)","chan":"stdout","logger":"task"}
{"timestamp":"2025-07-04T02:44:29.321385Z","level":"info","event":"[process_and_index] Upserted batch 21 (32 vectors)","chan":"stdout","logger":"task"}
{"timestamp":"2025-07-04T02:44:30.040804Z","level":"info","event":"[process_and_index] Upserted batch 22 (32 vectors)","chan":"stdout","logger":"task"}
{"timestamp":"2025-07-04T02:44:30.784289Z","level":"info","event":"[process_and_index] Upserted batch 23 (32 vectors)","chan":"stdout","logger":"task"}
{"timestamp":"2025-07-04T02:44:31.565374Z","level":"info","event":"[process_and_index] Upserted batch 24 (32 vectors)","chan":"stdout","logger":"task"}
{"timestamp":"2025-07-04T02:44:32.583994Z","level":"info","event":"[process_and_index] Upserted batch 25 (32 vectors)","chan":"stdout","logger":"task"}
{"timestamp":"2025-07-04T02:44:33.629355Z","level":"info","event":"[process_and_index] Upserted batch 26 (32 vectors)","chan":"stdout","logger":"task"}
{"timestamp":"2025-07-04T02:44:34.841738Z","level":"info","event":"[process_and_index] Upserted batch 27 (32 vectors)","chan":"stdout","logger":"task"}
{"timestamp":"2025-07-04T02:44:35.737156Z","level":"info","event":"[process_and_index] Upserted batch 28 (32 vectors)","chan":"stdout","logger":"task"}
{"timestamp":"2025-07-04T02:44:36.485881Z","level":"info","event":"[process_and_index] Upserted batch 29 (32 vectors)","chan":"stdout","logger":"task"}
{"timestamp":"2025-07-04T02:44:37.295744Z","level":"info","event":"[process_and_index] Upserted batch 30 (32 vectors)","chan":"stdout","logger":"task"}
{"timestamp":"2025-07-04T02:44:38.070821Z","level":"info","event":"[process_and_index] Upserted batch 31 (32 vectors)","chan":"stdout","logger":"task"}
{"timestamp":"2025-07-04T02:44:38.917530Z","level":"info","event":"[process_and_index] Upserted batch 32 (32 vectors)","chan":"stdout","logger":"task"}
{"timestamp":"2025-07-04T02:44:39.740773Z","level":"info","event":"[process_and_index] Upserted batch 33 (32 vectors)","chan":"stdout","logger":"task"}
{"timestamp":"2025-07-04T02:44:40.509348Z","level":"info","event":"[process_and_index] Upserted batch 34 (32 vectors)","chan":"stdout","logger":"task"}
{"timestamp":"2025-07-04T02:44:41.342288Z","level":"info","event":"[process_and_index] Upserted batch 35 (32 vectors)","chan":"stdout","logger":"task"}
{"timestamp":"2025-07-04T02:44:42.367431Z","level":"info","event":"[process_and_index] Upserted batch 36 (32 vectors)","chan":"stdout","logger":"task"}
{"timestamp":"2025-07-04T02:44:43.362852Z","level":"info","event":"[process_and_index] Upserted batch 37 (32 vectors)","chan":"stdout","logger":"task"}
{"timestamp":"2025-07-04T02:44:44.494701Z","level":"info","event":"[process_and_index] Upserted batch 38 (32 vectors)","chan":"stdout","logger":"task"}
{"timestamp":"2025-07-04T02:44:45.852245Z","level":"info","event":"[process_and_index] Upserted batch 39 (32 vectors)","chan":"stdout","logger":"task"}
{"timestamp":"2025-07-04T02:44:47.183433Z","level":"info","event":"[process_and_index] Upserted batch 40 (32 vectors)","chan":"stdout","logger":"task"}
{"timestamp":"2025-07-04T02:44:48.630724Z","level":"info","event":"[process_and_index] Upserted batch 41 (32 vectors)","chan":"stdout","logger":"task"}
{"timestamp":"2025-07-04T02:44:50.530533Z","level":"info","event":"[process_and_index] Upserted batch 42 (32 vectors)","chan":"stdout","logger":"task"}
{"timestamp":"2025-07-04T02:44:52.750915Z","level":"info","event":"[process_and_index] Upserted batch 43 (32 vectors)","chan":"stdout","logger":"task"}
{"timestamp":"2025-07-04T02:44:55.113261Z","level":"info","event":"[process_and_index] Upserted batch 44 (32 vectors)","chan":"stdout","logger":"task"}
{"timestamp":"2025-07-04T02:44:56.996589Z","level":"info","event":"[process_and_index] Upserted batch 45 (32 vectors)","chan":"stdout","logger":"task"}
{"timestamp":"2025-07-04T02:44:58.870597Z","level":"info","event":"[process_and_index] Upserted batch 46 (32 vectors)","chan":"stdout","logger":"task"}
{"timestamp":"2025-07-04T02:45:00.346200Z","level":"info","event":"[process_and_index] Upserted batch 47 (32 vectors)","chan":"stdout","logger":"task"}
{"timestamp":"2025-07-04T02:45:01.982715Z","level":"info","event":"[process_and_index] Upserted batch 48 (32 vectors)","chan":"stdout","logger":"task"}
{"timestamp":"2025-07-04T02:45:03.596844Z","level":"info","event":"[process_and_index] Upserted batch 49 (32 vectors)","chan":"stdout","logger":"task"}
{"timestamp":"2025-07-04T02:45:05.312369Z","level":"info","event":"[process_and_index] Upserted batch 50 (32 vectors)","chan":"stdout","logger":"task"}
{"timestamp":"2025-07-04T02:45:07.351093Z","level":"info","event":"[process_and_index] Upserted batch 51 (32 vectors)","chan":"stdout","logger":"task"}
{"timestamp":"2025-07-04T02:45:09.333678Z","level":"info","event":"[process_and_index] Upserted batch 52 (32 vectors)","chan":"stdout","logger":"task"}
{"timestamp":"2025-07-04T02:45:11.033521Z","level":"info","event":"[process_and_index] Upserted batch 53 (32 vectors)","chan":"stdout","logger":"task"}
{"timestamp":"2025-07-04T02:45:12.723057Z","level":"info","event":"[process_and_index] Upserted batch 54 (32 vectors)","chan":"stdout","logger":"task"}
{"timestamp":"2025-07-04T02:45:14.803960Z","level":"info","event":"[process_and_index] Upserted batch 55 (32 vectors)","chan":"stdout","logger":"task"}
{"timestamp":"2025-07-04T02:45:16.954888Z","level":"info","event":"[process_and_index] Upserted batch 56 (32 vectors)","chan":"stdout","logger":"task"}
{"timestamp":"2025-07-04T02:45:19.011903Z","level":"info","event":"[process_and_index] Upserted batch 57 (32 vectors)","chan":"stdout","logger":"task"}
{"timestamp":"2025-07-04T02:45:21.057719Z","level":"info","event":"[process_and_index] Upserted batch 58 (32 vectors)","chan":"stdout","logger":"task"}
{"timestamp":"2025-07-04T02:45:23.084487Z","level":"info","event":"[process_and_index] Upserted batch 59 (32 vectors)","chan":"stdout","logger":"task"}
{"timestamp":"2025-07-04T02:45:25.057527Z","level":"info","event":"[process_and_index] Upserted batch 60 (32 vectors)","chan":"stdout","logger":"task"}
{"timestamp":"2025-07-04T02:45:28.267040Z","level":"info","event":"[process_and_index] Upserted batch 61 (32 vectors)","chan":"stdout","logger":"task"}
{"timestamp":"2025-07-04T02:45:31.356893Z","level":"info","event":"[process_and_index] Upserted batch 62 (32 vectors)","chan":"stdout","logger":"task"}
{"timestamp":"2025-07-04T02:45:34.364225Z","level":"info","event":"[process_and_index] Upserted batch 63 (32 vectors)","chan":"stdout","logger":"task"}
{"timestamp":"2025-07-04T02:45:37.042342Z","level":"info","event":"[process_and_index] Upserted batch 64 (32 vectors)","chan":"stdout","logger":"task"}
{"timestamp":"2025-07-04T02:45:38.797992Z","level":"info","event":"[process_and_index] Upserted batch 65 (32 vectors)","chan":"stdout","logger":"task"}
{"timestamp":"2025-07-04T02:45:40.692457Z","level":"info","event":"[process_and_index] Upserted batch 66 (32 vectors)","chan":"stdout","logger":"task"}
{"timestamp":"2025-07-04T02:45:42.814341Z","level":"info","event":"[process_and_index] Upserted batch 67 (32 vectors)","chan":"stdout","logger":"task"}
{"timestamp":"2025-07-04T02:45:44.803754Z","level":"info","event":"[process_and_index] Upserted batch 68 (32 vectors)","chan":"stdout","logger":"task"}
{"timestamp":"2025-07-04T02:45:46.912128Z","level":"info","event":"[process_and_index] Upserted batch 69 (32 vectors)","chan":"stdout","logger":"task"}
{"timestamp":"2025-07-04T02:45:48.942767Z","level":"info","event":"[process_and_index] Upserted batch 70 (32 vectors)","chan":"stdout","logger":"task"}
{"timestamp":"2025-07-04T02:45:50.509174Z","level":"info","event":"[process_and_index] Upserted batch 71 (32 vectors)","chan":"stdout","logger":"task"}
{"timestamp":"2025-07-04T02:45:52.547144Z","level":"info","event":"[process_and_index] Upserted batch 72 (32 vectors)","chan":"stdout","logger":"task"}
{"timestamp":"2025-07-04T02:45:54.330974Z","level":"info","event":"[process_and_index] Upserted batch 73 (32 vectors)","chan":"stdout","logger":"task"}
{"timestamp":"2025-07-04T02:45:56.000785Z","level":"info","event":"[process_and_index] Upserted batch 74 (32 vectors)","chan":"stdout","logger":"task"}
{"timestamp":"2025-07-04T02:45:57.542621Z","level":"info","event":"[process_and_index] Upserted batch 75 (32 vectors)","chan":"stdout","logger":"task"}
{"timestamp":"2025-07-04T02:45:59.430587Z","level":"info","event":"[process_and_index] Upserted batch 76 (32 vectors)","chan":"stdout","logger":"task"}
{"timestamp":"2025-07-04T02:46:01.307129Z","level":"info","event":"[process_and_index] Upserted batch 77 (32 vectors)","chan":"stdout","logger":"task"}
{"timestamp":"2025-07-04T02:46:03.215341Z","level":"info","event":"[process_and_index] Upserted batch 78 (32 vectors)","chan":"stdout","logger":"task"}
{"timestamp":"2025-07-04T02:46:04.854850Z","level":"info","event":"[process_and_index] Upserted batch 79 (32 vectors)","chan":"stdout","logger":"task"}
{"timestamp":"2025-07-04T02:46:07.700358Z","level":"info","event":"[process_and_index] Upserted batch 80 (32 vectors)","chan":"stdout","logger":"task"}
{"timestamp":"2025-07-04T02:46:10.424986Z","level":"info","event":"[process_and_index] Upserted batch 81 (32 vectors)","chan":"stdout","logger":"task"}
{"timestamp":"2025-07-04T02:46:13.445154Z","level":"info","event":"[process_and_index] Upserted batch 82 (32 vectors)","chan":"stdout","logger":"task"}
{"timestamp":"2025-07-04T02:46:16.101970Z","level":"info","event":"[process_and_index] Upserted batch 83 (32 vectors)","chan":"stdout","logger":"task"}
{"timestamp":"2025-07-04T02:46:18.552861Z","level":"info","event":"[process_and_index] Upserted batch 84 (32 vectors)","chan":"stdout","logger":"task"}
{"timestamp":"2025-07-04T02:46:21.218264Z","level":"info","event":"[process_and_index] Upserted batch 85 (32 vectors)","chan":"stdout","logger":"task"}
{"timestamp":"2025-07-04T02:46:23.550581Z","level":"info","event":"[process_and_index] Upserted batch 86 (32 vectors)","chan":"stdout","logger":"task"}
{"timestamp":"2025-07-04T02:46:26.404954Z","level":"info","event":"[process_and_index] Upserted batch 87 (32 vectors)","chan":"stdout","logger":"task"}
{"timestamp":"2025-07-04T02:46:28.951164Z","level":"info","event":"[process_and_index] Upserted batch 88 (32 vectors)","chan":"stdout","logger":"task"}
{"timestamp":"2025-07-04T02:46:31.451552Z","level":"info","event":"[process_and_index] Upserted batch 89 (32 vectors)","chan":"stdout","logger":"task"}
{"timestamp":"2025-07-04T02:46:33.848487Z","level":"info","event":"[process_and_index] Upserted batch 90 (32 vectors)","chan":"stdout","logger":"task"}
{"timestamp":"2025-07-04T02:46:36.694536Z","level":"info","event":"[process_and_index] Upserted batch 91 (32 vectors)","chan":"stdout","logger":"task"}
{"timestamp":"2025-07-04T02:46:39.358021Z","level":"info","event":"[process_and_index] Upserted batch 92 (32 vectors)","chan":"stdout","logger":"task"}
{"timestamp":"2025-07-04T02:46:41.917071Z","level":"info","event":"[process_and_index] Upserted batch 93 (32 vectors)","chan":"stdout","logger":"task"}
{"timestamp":"2025-07-04T02:46:44.989100Z","level":"info","event":"[process_and_index] Upserted batch 94 (32 vectors)","chan":"stdout","logger":"task"}
{"timestamp":"2025-07-04T02:46:50.505614Z","level":"info","event":"[process_and_index] Upserted batch 95 (32 vectors)","chan":"stdout","logger":"task"}
{"timestamp":"2025-07-04T02:46:54.260942Z","level":"info","event":"[process_and_index] Upserted batch 96 (32 vectors)","chan":"stdout","logger":"task"}
{"timestamp":"2025-07-04T02:46:56.055766Z","level":"info","event":"[process_and_index] Upserted batch 97 (32 vectors)","chan":"stdout","logger":"task"}
{"timestamp":"2025-07-04T02:46:57.707761Z","level":"info","event":"[process_and_index] Upserted batch 98 (32 vectors)","chan":"stdout","logger":"task"}
{"timestamp":"2025-07-04T02:46:59.306389Z","level":"info","event":"[process_and_index] Upserted batch 99 (32 vectors)","chan":"stdout","logger":"task"}
{"timestamp":"2025-07-04T02:47:01.371399Z","level":"info","event":"[process_and_index] Upserted batch 100 (32 vectors)","chan":"stdout","logger":"task"}
{"timestamp":"2025-07-04T02:47:03.364669Z","level":"info","event":"[process_and_index] Upserted batch 101 (32 vectors)","chan":"stdout","logger":"task"}
{"timestamp":"2025-07-04T02:47:05.179070Z","level":"info","event":"[process_and_index] Upserted batch 102 (32 vectors)","chan":"stdout","logger":"task"}
{"timestamp":"2025-07-04T02:47:07.045144Z","level":"info","event":"[process_and_index] Upserted batch 103 (32 vectors)","chan":"stdout","logger":"task"}
{"timestamp":"2025-07-04T02:47:09.417315Z","level":"info","event":"[process_and_index] Upserted batch 104 (32 vectors)","chan":"stdout","logger":"task"}
{"timestamp":"2025-07-04T02:47:11.432479Z","level":"info","event":"[process_and_index] Upserted batch 105 (32 vectors)","chan":"stdout","logger":"task"}
{"timestamp":"2025-07-04T02:47:13.559052Z","level":"info","event":"[process_and_index] Upserted batch 106 (32 vectors)","chan":"stdout","logger":"task"}
{"timestamp":"2025-07-04T02:47:15.511151Z","level":"info","event":"[process_and_index] Upserted batch 107 (32 vectors)","chan":"stdout","logger":"task"}
{"timestamp":"2025-07-04T02:47:17.583697Z","level":"info","event":"[process_and_index] Upserted batch 108 (32 vectors)","chan":"stdout","logger":"task"}
{"timestamp":"2025-07-04T02:47:20.253027Z","level":"info","event":"[process_and_index] Upserted batch 109 (32 vectors)","chan":"stdout","logger":"task"}
{"timestamp":"2025-07-04T02:47:22.831634Z","level":"info","event":"[process_and_index] Upserted batch 110 (32 vectors)","chan":"stdout","logger":"task"}
{"timestamp":"2025-07-04T02:47:26.567598Z","level":"info","event":"[process_and_index] Upserted batch 111 (32 vectors)","chan":"stdout","logger":"task"}
{"timestamp":"2025-07-04T02:47:29.928993Z","level":"info","event":"[process_and_index] Upserted batch 112 (32 vectors)","chan":"stdout","logger":"task"}
{"timestamp":"2025-07-04T02:47:31.991003Z","level":"info","event":"[process_and_index] Upserted batch 113 (32 vectors)","chan":"stdout","logger":"task"}
{"timestamp":"2025-07-04T02:47:34.258367Z","level":"info","event":"[process_and_index] Upserted batch 114 (32 vectors)","chan":"stdout","logger":"task"}
{"timestamp":"2025-07-04T02:47:36.417993Z","level":"info","event":"[process_and_index] Upserted batch 115 (32 vectors)","chan":"stdout","logger":"task"}
{"timestamp":"2025-07-04T02:47:38.682879Z","level":"info","event":"[process_and_index] Upserted batch 116 (32 vectors)","chan":"stdout","logger":"task"}
{"timestamp":"2025-07-04T02:47:41.143021Z","level":"info","event":"[process_and_index] Upserted batch 117 (32 vectors)","chan":"stdout","logger":"task"}
{"timestamp":"2025-07-04T02:47:43.631581Z","level":"info","event":"[process_and_index] Upserted batch 118 (32 vectors)","chan":"stdout","logger":"task"}
{"timestamp":"2025-07-04T02:47:46.382895Z","level":"info","event":"[process_and_index] Upserted batch 119 (32 vectors)","chan":"stdout","logger":"task"}
{"timestamp":"2025-07-04T02:47:49.147432Z","level":"info","event":"[process_and_index] Upserted batch 120 (32 vectors)","chan":"stdout","logger":"task"}
{"timestamp":"2025-07-04T02:47:52.055537Z","level":"info","event":"[process_and_index] Upserted batch 121 (32 vectors)","chan":"stdout","logger":"task"}
{"timestamp":"2025-07-04T02:47:55.025782Z","level":"info","event":"[process_and_index] Upserted batch 122 (32 vectors)","chan":"stdout","logger":"task"}
{"timestamp":"2025-07-04T02:47:57.995403Z","level":"info","event":"[process_and_index] Upserted batch 123 (32 vectors)","chan":"stdout","logger":"task"}
{"timestamp":"2025-07-04T02:48:02.457639Z","level":"info","event":"[process_and_index] Upserted batch 124 (32 vectors)","chan":"stdout","logger":"task"}
{"timestamp":"2025-07-04T02:48:06.199461Z","level":"info","event":"[process_and_index] Upserted batch 125 (32 vectors)","chan":"stdout","logger":"task"}
{"timestamp":"2025-07-04T02:48:09.552915Z","level":"info","event":"[process_and_index] Upserted batch 126 (32 vectors)","chan":"stdout","logger":"task"}
{"timestamp":"2025-07-04T02:48:12.470198Z","level":"info","event":"[process_and_index] Upserted batch 127 (32 vectors)","chan":"stdout","logger":"task"}
{"timestamp":"2025-07-04T02:48:15.546909Z","level":"info","event":"[process_and_index] Upserted batch 128 (32 vectors)","chan":"stdout","logger":"task"}
{"timestamp":"2025-07-04T02:48:17.221039Z","level":"info","event":"[process_and_index] Upserted batch 129 (32 vectors)","chan":"stdout","logger":"task"}
{"timestamp":"2025-07-04T02:48:19.435325Z","level":"info","event":"[process_and_index] Upserted batch 130 (32 vectors)","chan":"stdout","logger":"task"}
{"timestamp":"2025-07-04T02:48:21.413244Z","level":"info","event":"[process_and_index] Upserted batch 131 (32 vectors)","chan":"stdout","logger":"task"}
{"timestamp":"2025-07-04T02:48:23.646893Z","level":"info","event":"[process_and_index] Upserted batch 132 (32 vectors)","chan":"stdout","logger":"task"}
{"timestamp":"2025-07-04T02:48:26.067804Z","level":"info","event":"[process_and_index] Upserted batch 133 (32 vectors)","chan":"stdout","logger":"task"}
{"timestamp":"2025-07-04T02:48:28.946728Z","level":"info","event":"[process_and_index] Upserted batch 134 (32 vectors)","chan":"stdout","logger":"task"}
{"timestamp":"2025-07-04T02:48:30.950524Z","level":"info","event":"[process_and_index] Upserted batch 135 (32 vectors)","chan":"stdout","logger":"task"}
{"timestamp":"2025-07-04T02:48:33.571903Z","level":"info","event":"[process_and_index] Upserted batch 136 (32 vectors)","chan":"stdout","logger":"task"}
{"timestamp":"2025-07-04T02:48:36.310451Z","level":"info","event":"[process_and_index] Upserted batch 137 (32 vectors)","chan":"stdout","logger":"task"}
{"timestamp":"2025-07-04T02:48:39.753860Z","level":"info","event":"[process_and_index] Upserted batch 138 (32 vectors)","chan":"stdout","logger":"task"}
{"timestamp":"2025-07-04T02:48:42.798450Z","level":"info","event":"[process_and_index] Upserted batch 139 (32 vectors)","chan":"stdout","logger":"task"}
{"timestamp":"2025-07-04T02:48:45.646570Z","level":"info","event":"[process_and_index] Upserted batch 140 (32 vectors)","chan":"stdout","logger":"task"}
{"timestamp":"2025-07-04T02:48:48.645385Z","level":"info","event":"[process_and_index] Upserted batch 141 (32 vectors)","chan":"stdout","logger":"task"}
{"timestamp":"2025-07-04T02:48:52.004699Z","level":"info","event":"[process_and_index] Upserted batch 142 (32 vectors)","chan":"stdout","logger":"task"}
{"timestamp":"2025-07-04T02:48:54.782053Z","level":"info","event":"[process_and_index] Upserted batch 143 (32 vectors)","chan":"stdout","logger":"task"}
{"timestamp":"2025-07-04T02:48:57.234791Z","level":"info","event":"[process_and_index] Upserted batch 144 (32 vectors)","chan":"stdout","logger":"task"}
{"timestamp":"2025-07-04T02:48:58.376321Z","level":"info","event":"[process_and_index] Upserted batch 145 (10 vectors)","chan":"stdout","logger":"task"}
{"timestamp":"2025-07-04T02:48:58.380507Z","level":"info","event":"[process_and_index] Upserted total 4618 vectors for document 1","chan":"stdout","logger":"task"}
{"timestamp":"2025-07-04T02:48:58.380759Z","level":"info","event":"[process_and_index] Completed indexing all documents.","chan":"stdout","logger":"task"}
{"timestamp":"2025-07-04T02:48:58.418475","level":"info","event":"Done. Returned value was: None","logger":"airflow.task.operators.airflow.providers.standard.decorators.python._PythonDecoratedOperator"}
